#
# There is insufficient memory for the Java Runtime Environment to continue.
# Native memory allocation (mmap) failed to map 224395264 bytes. Error detail: G1 virtual space
# Possible reasons:
#   The system is out of physical RAM or swap space
#   This process is running with CompressedOops enabled, and the Java Heap may be blocking the growth of the native heap
# Possible solutions:
#   Reduce memory load on the system
#   Increase physical memory or swap space
#   Check if swap backing store is full
#   Decrease Java heap size (-Xmx/-Xms)
#   Decrease number of Java threads
#   Decrease Java thread stack sizes (-Xss)
#   Set larger code cache with -XX:ReservedCodeCacheSize=
#   JVM is running with Unscaled Compressed Oops mode in which the Java heap is
#     placed in the first 4GB address space. The Java Heap base address is the
#     maximum limit for the native heap growth. Please use -XX:HeapBaseMinAddress
#     to set the Java Heap base and to place the Java Heap above 4GB virtual address.
# This output file may be truncated or incomplete.
#
#  Out of Memory Error (os_windows.cpp:3614), pid=18288, tid=19632
#
# JRE version: OpenJDK Runtime Environment Temurin-17.0.13+11 (17.0.13+11) (build 17.0.13+11)
# Java VM: OpenJDK 64-Bit Server VM Temurin-17.0.13+11 (17.0.13+11, mixed mode, tiered, compressed oops, compressed class ptrs, g1 gc, windows-amd64)
# No core dump will be written. Minidumps are not enabled by default on client versions of Windows
#

---------------  S U M M A R Y ------------

Command Line: -Dgroovy.home=C:\Users\USER/.groovy -Djava.system.class.loader=groovy.lang.GroovyClassLoader -Xmx2048m -Dfile.encoding=UTF-8 -XX:+ShowCodeDetailsInExceptionMessages org.codehaus.groovy.tools.GroovyStarter --classpath C:\Users\USER\Katalon Studio\SoalNomor3Mobile\bin\keyword;C:\Users\USER\Katalon Studio\SoalNomor3Mobile\Keywords;C:\Users\USER\Katalon Studio\SoalNomor3Mobile\bin\listener;C:\Users\USER\Katalon Studio\SoalNomor3Mobile\Test Listeners;C:\Users\USER\Katalon Studio\SoalNomor3Mobile\bin\lib;C:\Users\USER\Katalon Studio\SoalNomor3Mobile\Libs;C:\Users\USER\Katalon Studio\SoalNomor3Mobile\bin\groovy;C:\Users\USER\Katalon Studio\SoalNomor3Mobile\Include\scripts\groovy;C:\Users\USER\.katalon\packages\KS-10.1.0\plugins\com.kms.katalon.core_1.0.0.202501201829.jar;C:\Users\USER\.katalon\packages\KS-10.1.0\configuration\resources\lib\aalto-xml-1.0.0.jar;C:\Users\USER\.katalon\packages\KS-10.1.0\configuration\resources\lib\aspectjweaver-1.9.1.jar;C:\Users\USER\.katalon\packages\KS-10.1.0\configuration\resources\lib\aws-2.20.3-fat.jar;C:\Users\USER\.katalon\packages\KS-10.1.0\configuration\resources\lib\bcpkix-jdk15on-1.64.jar;C:\Users\USER\.katalon\packages\KS-10.1.0\configuration\resources\lib\bcprov-jdk15on-1.64.jar;C:\Users\USER\.katalon\packages\KS-10.1.0\configuration\resources\lib\browsermob-core-2.1.5.jar;C:\Users\USER\.katalon\packages\KS-10.1.0\configuration\resources\lib\byte-buddy-1.14.3.jar;C:\Users\USER\.katalon\packages\KS-10.1.0\configuration\resources\lib\byte-buddy-agent-1.14.3.jar;C:\Users\USER\.katalon\packages\KS-10.1.0\configuration\resources\lib\cglib-3.2.10.jar;C:\Users\USER\.katalon\packages\KS-10.1.0\configuration\resources\lib\commons-codec-1.10.jar;C:\Users\USER\.katalon\packages\KS-10.1.0\configuration\resources\lib\commons-collections4-4.1.jar;C:\Users\USER\.katalon\packages\KS-10.1.0\configuration\resources\lib\commons-validator-1.6.jar;C:\Users\USER\.katalon\packages\KS-10.1.0\configuration\resources\lib\curvesapi-1.04.jar;C:\Users\USER\.katalon\packages\KS-10.1.0\configuration\resources\lib\dnsjava-3.6.2.jar;C:\Users\USER\.katalon\packages\KS-10.1.0\configuration\resources\lib\groovy-3.0.17.jar;C:\Users\USER\.katalon\packages\KS-10.1.0\configuration\resources\lib\jackson-coreutils-2.0.jar;C:\Users\USER\.katalon\packages\KS-10.1.0\configuration\resources\lib\jackson-coreutils-equivalence-1.0.jar;C:\Users\USER\.katalon\packages\KS-10.1.0\configuration\resources\lib\java-client-9.2.3.jar;C:\Users\USER\.katalon\packages\KS-10.1.0\configuration\resources\lib\javax.servlet-api_3.1.0.jar;C:\Users\USER\.katalon\packages\KS-10.1.0\configuration\resources\lib\jna-5.12.1.jar;C:\Users\USER\.katalon\packages\KS-10.1.0\configuration\resources\lib\jna-platform-5.12.1.jar;C:\Users\USER\.katalon\packages\KS-10.1.0\configuration\resources\lib\json-schema-core-1.2.14.jar;C:\Users\USER\.katalon\packages\KS-10.1.0\configuration\resources\lib\json-schema-validator-2.2.14.jar;C:\Users\USER\.katalon\packages\KS-10.1.0\configuration\resources\lib\jzlib-1.1.3.jar;C:\Users\USER\.katalon\packages\KS-10.1.0\configuration\resources\lib\kat-server.jar;C:\Users\USER\.katalon\packages\KS-10.1.0\configuration\resources\lib\littleproxy-1.1.0-beta-bmp-17.jar;C:\Users\USER\.katalon\packages\KS-10.1.0\configuration\resources\lib\log4j-1.2-api-2.17.1.jar;C:\Users\USER\.katalon\packages\KS-10.1.0\configuration\resources\lib\log4j-api-2.17.1.jar;C:\Users\USER\.katalon\packages\KS-10.1.0\configuration\resources\lib\log4j-core-2.17.1.jar;C:\Users\USER\.katalon\packages\KS-10.1.0\configuration\resources\lib\mitm-2.1.5.jar;C:\Users\USER\.katalon\packages\KS-10.1.0\configuration\resources\lib\mockito-core-5.2.0.jar;C:\Users\USER\.katalon\packages\KS-10.1.0\configuration\resources\lib\mockito-inline-5.2.0.jar;C:\Users\USER\.katalon\packages\KS-10.1.0\configuration\resources\lib\netty-all-4.1.109.Final.jar;C:\Users\USER\.katalon\packages\KS-10.1.0\configuration\resources\lib\objenesis-3.3.jar;C:\Users\USER\.katalon\packages\KS-10.1.0\configuration\resources\lib\poi-3.17.jar;C:\Users\USER\.katalon\packages\KS-10.1.0\configuration\resources\lib\poi-ooxml-3.17.jar;C:\Users\USER\.katalon\packages\KS-10.1.0\configuration\resources\lib\poi-ooxml-schemas-3.17.jar;C:\Users\USER\.katalon\packages\KS-10.1.0\configuration\resources\lib\proxy-vole-1.1.5-jar-with-dependencies.jar;C:\Users\USER\.katalon\packages\KS-10.1.0\configuration\resources\lib\repackaged-sikuli-api-1.0.2-standalone.jar;C:\Users\USER\.katalon\packages\KS-10.1.0\configuration\resources\lib\selenium-server-4.22.0.jar;C:\Users\USER\.katalon\packages\KS-10.1.0\configuration\resources\lib\selenium-shutterbug-1.1.jar;C:\Users\USER\.katalon\packages\KS-10.1.0\configuration\resources\lib\slf4j-api-1.7.25.jar;C:\Users\USER\.katalon\packages\KS-10.1.0\configuration\resources\lib\soap-builder-1.0.0.jar;C:\Users\USER\.katalon\packages\KS-10.1.0\configuration\resources\lib\soap-common-1.0.0.jar;C:\Users\USER\.katalon\packages\KS-10.1.0\configuration\resources\lib\soap-legacy-1.0.0.jar;C:\Users\USER\.katalon\packages\KS-10.1.0\configuration\resources\lib\spring-context-5.3.19.jar;C:\Users\USER\.katalon\packages\KS-10.1.0\configuration\resources\lib\stax2-api-4.0.0.jar;C:\Users\USER\.katalon\packages\KS-10.1.0\configuration\resources\lib\su.jar;C:\Users\USER\.katalon\packages\KS-10.1.0\configuration\resources\lib\swagger-parser-1.0.67-fat.jar;C:\Users\USER\.katalon\packages\KS-10.1.0\configuration\resources\lib\testng-7.8.0.jar;C:\Users\USER\.katalon\packages\KS-10.1.0\configuration\resources\lib\uri-template-0.1.jar;C:\Users\USER\.katalon\packages\KS-10.1.0\configuration\resources\lib\wadl.jar;C:\Users\USER\.katalon\packages\KS-10.1.0\configuration\resources\lib\xmlbeans-3.1.0.jar;C:\Users\USER\.katalon\packages\KS-10.1.0\plugins\net.sf.supercsv.super-csv_2.1.0.jar;C:\Users\USER\.katalon\packages\KS-10.1.0\plugins\org.apache.commons.commons-io_2.15.1.jar;C:\Users\USER\.katalon\packages\KS-10.1.0\plugins\org.apache.commons.lang_2.6.0.jar;C:\Users\USER\.katalon\packages\KS-10.1.0\plugins\com.google.gson_2.10.1.v20230109-0753.jar;C:\Users\USER\.katalon\packages\KS-10.1.0\plugins\org.jsoup_1.14.3.jar;C:\Users\USER\.katalon\packages\KS-10.1.0\plugins\org.apache.commons.dbutils_1.6.0.jar;C:\Users\USER\.katalon\packages\KS-10.1.0\plugins\com.oracle.jdbc.ojdbc7_12.1.0.2.jar;C:\Users\USER\.katalon\packages\KS-10.1.0\plugins\org.postgresql.jdbc_42.7.3.jar;c:\Users\USER\.katalon\packages\KS-10.1.0\plugins\org.eclipse.osgi_3.18.300.v20230220-1352.jar;C:\Users\USER\.katalon\packages\KS-10.1.0\plugins\com.kms.katalon.constant_1.0.0.202501201829.jar;C:\Users\USER\.katalon\packages\KS-10.1.0\plugins\org.eclipse.persistence.eclipselink_2.7.11.jar;C:\Users\USER\.katalon\packages\KS-10.1.0\plugins\com.kms.katalon.selenium-standalone_1.0.0.202501201829.jar;C:\Users\USER\.katalon\packages\KS-10.1.0\plugins\atu.testrecorder.screen-recorder_2.1.0.jar;C:\Users\USER\.katalon\packages\KS-10.1.0\plugins\com.google.guava_32.0.0.jre.jar;C:\Users\USER\.katalon\packages\KS-10.1.0\plugins\com.kms.katalon.util_1.0.0.202501201829.jar;C:\Users\USER\.katalon\packages\KS-10.1.0\plugins\org.apache.httpcomponents.httpclient_4.5.14.v20221207-1049.jar;C:\Users\USER\.katalon\packages\KS-10.1.0\plugins\org.apache.httpcomponents.httpcore_4.4.16.v20221207-1049.jar;C:\Users\USER\.katalon\packages\KS-10.1.0\plugins\org.apache.httpcomponents.httpmime_4.5.13.jar;C:\Users\USER\.katalon\packages\KS-10.1.0\plugins\org.apache.commons.lang3_3.14.0.jar;C:\Users\USER\.katalon\packages\KS-10.1.0\plugins\org.greenrobot.eventbus_3.1.1.jar;C:\Users\USER\.katalon\packages\KS-10.1.0\plugins\net.bytebuddy.byte-buddy_1.14.15.jar;C:\Users\USER\.katalon\packages\KS-10.1.0\plugins\org.junit_4.13.2.v20211018-1956.jar;C:\Users\USER\.katalon\packages\KS-10.1.0\plugins\com.fasterxml.jackson.core.jackson-databind_2.17.2.jar;C:\Users\USER\.katalon\packages\KS-10.1.0\plugins\com.fasterxml.jackson.core.jackson-core_2.17.2.jar;C:\Users\USER\.katalon\packages\KS-10.1.0\plugins\com.fasterxml.jackson.core.jackson-annotations_2.17.2.jar;C:\Users\USER\.katalon\packages\KS-10.1.0\plugins\ch.qos.logback.classic_1.2.13.jar;C:\Users\USER\.katalon\packages\KS-10.1.0\plugins\ch.qos.logback.core_1.2.13.jar;C:\Users\USER\.katalon\packages\KS-10.1.0\plugins\slf4j.api_1.7.36.jar;C:\Users\USER\.katalon\packages\KS-10.1.0\plugins\org.fusesource.jansi_1.17.1.jar;C:\Users\USER\.katalon\packages\KS-10.1.0\plugins\com.kms.katalon.netlightbody_1.0.0.202501201829.jar;C:\Users\USER\.katalon\packages\KS-10.1.0\plugins\com.kms.katalon.poi_1.0.0.202501201829.jar;C:\Users\USER\.katalon\packages\KS-10.1.0\plugins\org.apache.commons.commons-text_1.10.0.jar;C:\Users\USER\.katalon\packages\KS-10.1.0\plugins\com.kms.katalon.proxyvole_1.0.0.202501201829.jar;C:\Users\USER\.katalon\packages\KS-10.1.0\plugins\com.microsoft.sqlserver.mssql-jdbc_6.2.2.jre8.jar;C:\Users\USER\.katalon\packages\KS-10.1.0\plugins\com.github.kklisura.cdt.java-client_2.1.0.jar;C:\Users\USER\.katalon\packages\KS-10.1.0\plugins\javax.websocket-api_1.1.0.jar;C:\Users\USER\.katalon\packages\KS-10.1.0\plugins\org.glassfish.tyrus.container-grizzly-client_1.13.1.jar;C:\Users\USER\.katalon\packages\KS-10.1.0\plugins\org.glassfish.grizzly.http-server_2.3.25.jar;C:\Users\USER\.katalon\packages\KS-10.1.0\plugins\org.glassfish.grizzly.framework_2.3.25.jar;C:\Users\USER\.katalon\packages\KS-10.1.0\plugins\org.glassfish.grizzly.http_2.3.25.jar;C:\Users\USER\.katalon\packages\KS-10.1.0\plugins\org.glassfish.tyrus.client_1.13.1.jar;C:\Users\USER\.katalon\packages\KS-10.1.0\plugins\org.glassfish.tyrus.core_1.13.1.jar;C:\Users\USER\.katalon\packages\KS-10.1.0\plugins\org.glassfish.tyrus.spi_1.13.1.jar;C:\Users\USER\.katalon\packages\KS-10.1.0\plugins\javassist_3.28.0.GA.jar;C:\Users\USER\.katalon\packages\KS-10.1.0\plugins\graphql-java_22.3.0.jar;C:\Users\USER\.katalon\packages\KS-10.1.0\plugins\org.glassfish.jaxb.runtime_2.3.6.jar;C:\Users\USER\.katalon\packages\KS-10.1.0\plugins\org.glassfish.jaxb.txw2_2.3.6.jar;C:\Users\USER\.katalon\packages\KS-10.1.0\plugins\org.dom4j_2.1.4.jar;C:\Users\USER\.katalon\packages\KS-10.1.0\plugins\com.kms.katalon.groovy-extended_1.0.0.202501201829.jar;C:\Users\USER\.katalon\packages\KS-10.1.0\plugins\com.sun.activation.javax.activation_1.2.0.jar;C:\Users\USER\.katalon\packages\KS-10.1.0\plugins\jakarta.xml.bind-api_2.3.3.jar;C:\Users\USER\.katalon\packages\KS-10.1.0\plugins\com.sun.xml.bind.jaxb-impl_2.3.6.jar;C:\Users\USER\.katalon\packages\KS-10.1.0\plugins\org.eclipse.jface_3.29.0.v20230214-1401.jar;C:\Users\USER\.katalon\packages\KS-10.1.0\plugins\com.kms.katalon.logging_1.0.0.202501201829.jar;C:\Users\USER\.katalon\packages\KS-10.1.0\plugins\json_20240303.0.0.jar;C:\Users\USER\.katalon\packages\KS-10.1.0\plugins\assertj-core_3.25.3.jar;C:\Users\USER\.katalon\packages\KS-10.1.0\plugins\com.networknt.json-schema-validator_1.0.66.jar;C:\Users\USER\.katalon\packages\KS-10.1.0\plugins\com.kms.katalon.network.apache_1.0.0.202501201829.jar;C:\Users\USER\.katalon\packages\KS-10.1.0\plugins\java-dataloader_3.3.0.jar;C:\Users\USER\.katalon\packages\KS-10.1.0\plugins\org.apache.commons.logging_1.2.0.v20180409-1502.jar;C:\Users\USER\.katalon\packages\KS-10.1.0\plugins\org.hamcrest.core_1.3.0.v20180420-1519.jar;C:\Users\USER\.katalon\packages\KS-10.1.0\plugins\org.beanshell.bsh_2.0.0.0b4.jar;C:\Users\USER\.katalon\packages\KS-10.1.0\plugins\org.apache.ant.launcher_1.9.6.jar;C:\Users\USER\.katalon\packages\KS-10.1.0\plugins\com.kms.katalon.core.appium_1.0.0.202501201829.jar;C:\Users\USER\.katalon\packages\KS-10.1.0\plugins\com.kms.katalon.api_1.0.0.202501201829.jar;C:\Users\USER\.katalon\packages\KS-10.1.0\plugins\org.eclipse.equinox.common_3.17.100.v20230202-1341.jar;C:\Users\USER\.katalon\packages\KS-10.1.0\plugins\com.kms.katalon.platform.core_1.0.0.202501201829.jar;C:\Users\USER\.katalon\packages\KS-10.1.0\plugins\com.kms.katalon.common_1.0.0.202501201829.jar;C:\Users\USER\.katalon\packages\KS-10.1.0\plugins\com.kms.katalon.session.core_1.0.0.202501201829.jar;C:\Users\USER\.katalon\packages\KS-10.1.0\plugins\org.eclipse.e4.core.contexts_1.11.0.v20220716-0839.jar;C:\Users\USER\.katalon\packages\KS-10.1.0\plugins\javax.inject_1.0.0.v20220405-0441.jar;C:\Users\USER\.katalon\packages\KS-10.1.0\plugins\org.eclipse.e4.core.di_1.8.300.v20220817-1539.jar;C:\Users\USER\.katalon\packages\KS-10.1.0\plugins\com.kms.katalon.network.core_1.0.0.202501201829.jar;C:\Users\USER\.katalon\packages\KS-10.1.0\plugins\com.kms.katalon.execution.core_1.0.0.202501201829.jar;C:\Users\USER\.katalon\packages\KS-10.1.0\plugins\org.eclipse.equinox.registry_3.11.200.v20220817-1601.jar;C:\Users\USER\.katalon\packages\KS-10.1.0\plugins\dev.failsafe_3.3.2.jar;C:\Users\USER\.katalon\packages\KS-10.1.0\plugins\com.fasterxml.jackson.datatype.jackson-datatype-jsr310_2.17.2.jar;C:\Users\USER\.katalon\packages\KS-10.1.0\plugins\org.eclipse.e4.core.di.annotations_1.7.200.v20220613-1008.jar;C:\Users\USER\.katalon\packages\KS-10.1.0\plugins\com.kms.katalon.core.webui_1.0.0.202501201829.jar;C:\Users\USER\.katalon\packages\KS-10.1.0\plugins\org.eclipse.e4.core.services_2.3.400.v20220915-1347.jar;C:\Users\USER\.katalon\packages\KS-10.1.0\plugins\com.kms.katalon.core.mobile_1.0.0.202501201829.jar;C:\Users\USER\.katalon\packages\KS-10.1.0\plugins\org.apache.commons.commons-validator_1.7.0.jar;C:\Users\USER\.katalon\packages\KS-10.1.0\plugins\com.kms.katalon.core.cucumber_1.0.0.202501201829.jar;C:\Users\USER\.katalon\packages\KS-10.1.0\plugins\io.cucumber.core_3.0.3.jar;C:\Users\USER\.katalon\packages\KS-10.1.0\plugins\io.cucumber.datatable_1.1.15.jar;C:\Users\USER\.katalon\packages\KS-10.1.0\plugins\io.cucumber.datatable-dependencies_1.1.15.jar;C:\Users\USER\.katalon\packages\KS-10.1.0\plugins\io.cucumber.expressions_5.0.19.jar;C:\Users\USER\.katalon\packages\KS-10.1.0\plugins\io.cucumber.gherkin_5.0.0.jar;C:\Users\USER\.katalon\packages\KS-10.1.0\plugins\io.cucumber.html_0.2.7.jar;C:\Users\USER\.katalon\packages\KS-10.1.0\plugins\io.cucumber.java_3.0.3.jar;C:\Users\USER\.katalon\packages\KS-10.1.0\plugins\io.cucumber.tag-expressions_1.1.1.jar;C:\Users\USER\.katalon\packages\KS-10.1.0\plugins\io.cucumber.junit_3.0.3.jar;C:\Users\USER\.katalon\packages\KS-10.1.0\plugins\com.kms.katalon.core.webservice_1.0.0.202501201829.jar;C:\Users\USER\.katalon\packages\KS-10.1.0\plugins\wsdl4j_1.6.2.jar;C:\Users\USER\.katalon\packages\KS-10.1.0\plugins\com.google.oauth-client.google-oauth-client_1.22.0.jar;C:\Users\USER\.katalon\packages\KS-10.1.0\plugins\com.google.http-client.google-http-client_1.22.0.jar;C:\Users\USER\.katalon\packages\KS-10.1.0\plugins\com.kms.katalon.preferences_1.0.0.202501201829.jar;C:\Users\USER\.katalon\packages\KS-10.1.0\plugins\org.apache.xmlbeans_3.1.0.jar;C:\Users\USER\.katalon\packages\KS-10.1.0\plugins\com.kms.katalon.entity_1.0.0.202501201829.jar;C:\Users\USER\.katalon\packages\KS-10.1.0\plugins\jakarta.xml.ws-api_2.3.3.jar;C:\Users\USER\.katalon\packages\KS-10.1.0\plugins\javax.xml.soap-api_1.4.0.jar;C:\Users\USER\.katalon\packages\KS-10.1.0\plugins\com.atlassian.oai.swagger-request-validator-core_2.38.0.jar;C:\Users\USER\.katalon\packages\KS-10.1.0\plugins\io.swagger.compat-spec-parser_1.0.67.jar;C:\Users\USER\.katalon\packages\KS-10.1.0\plugins\io.swagger.core.v3.swagger-annotations_2.2.14.jar;C:\Users\USER\.katalon\packages\KS-10.1.0\plugins\io.swagger.core.v3.swagger-core_2.2.14.jar;C:\Users\USER\.katalon\packages\KS-10.1.0\plugins\io.swagger.core.v3.swagger-models_2.2.14.jar;C:\Users\USER\.katalon\packages\KS-10.1.0\plugins\io.swagger.parser.v3.swagger-parser-core_2.1.16.jar;C:\Users\USER\.katalon\packages\KS-10.1.0\plugins\io.swagger.parser.v3.swagger-parser-v2-converter_2.1.16.jar;C:\Users\USER\.katalon\packages\KS-10.1.0\plugins\com.github.java-json-tools.btf_1.3.0.jar;C:\Users\USER\.katalon\packages\KS-10.1.0\plugins\com.fasterxml.jackson.dataformat.jackson-dataformat-yaml_2.17.1.jar;C:\Users\USER\.katalon\packages\KS-10.1.0\plugins\org.yaml.snakeyaml_2.2.0.jar;C:\Users\USER\.katalon\packages\KS-10.1.0\plugins\com.github.java-json-tools.msg-simple_1.2.0.jar;C:\Users\USER\.katalon\packages\KS-10.1.0\plugins\jackson-core-asl_1.9.13.jar;C:\Users\USER\.katalon\packages\KS-10.1.0\plugins\joda-time_2.10.5.jar;C:\Users\USER\.katalon\packages\KS-10.1.0\plugins\javax.mail-api_1.6.2.jar;C:\Users\USER\.katalon\packages\KS-10.1.0\plugins\com.googlecode.libphonenumber_8.11.1.jar;C:\Users\USER\.katalon\packages\KS-10.1.0\plugins\com.google.guava.failureaccess_1.0.1.jar;C:\Users\USER\.katalon\packages\KS-10.1.0\plugins\io.swagger.parser.v3.swagger-parser_2.1.16.jar;C:\Users\USER\.katalon\packages\KS-10.1.0\plugins\io.swagger.parser.v3.swagger-parser-v3_2.1.16.jar;C:\Users\USER\.katalon\packages\KS-10.1.0\plugins\io.swagger.parser_1.0.67.jar;C:\Users\USER\.katalon\packages\KS-10.1.0\plugins\com.narupley.not-going-to-be-commons-ssl_0.3.20.jar;C:\Users\USER\.katalon\packages\KS-10.1.0\plugins\com.kms.katalon.core.windows_1.0.0.202501201829.jar;C:\Users\USER\.katalon\packages\KS-10.1.0\plugins\com.sun.jna_5.13.0.jar;C:\Users\USER\.katalon\packages\KS-10.1.0\plugins\com.sun.jna.platform_5.13.0.jar;C:\Users\USER\.katalon\packages\KS-10.1.0\plugins\com.kms.katalon.core.testng_1.0.0.202501201829.jar;C:\Users\USER\.katalon\packages\KS-10.1.0\configuration\org.eclipse.osgi\33\0\.cp\resources\basic-report\katalon-studio-report-plugin.jar;C:\Users\USER\.katalon\packages\KS-10.1.0\plugins\org.codehaus.groovy_3.0.17.v202303311542-e2303\lib\groovy-3.0.17-indy.jar;C:\Users\USER\.katalon\packages\KS-10.1.0\plugins\org.codehaus.groovy_3.0.17.v202303311542-e2303\lib\ivy-2.5.1.jar --main groovy.ui.GroovyMain --encoding UTF-8 --indy C:\Users\USER\Katalon Studio\SoalNomor3Mobile\Libs\TempTestCase1740811994603.groovy

Host: Intel(R) Core(TM) i7-6600U CPU @ 2.60GHz, 4 cores, 7G,  Windows 10 , 64 bit Build 19041 (10.0.19041.5438)
Time: Sat Mar  1 13:55:34 2025 SE Asia Standard Time elapsed time: 139.392751 seconds (0d 0h 2m 19s)

---------------  T H R E A D  ---------------

Current thread (0x00000240605007d0):  VMThread "VM Thread" [stack: 0x000000aab1400000,0x000000aab1500000] [id=19632]

Stack: [0x000000aab1400000,0x000000aab1500000]
Native frames: (J=compiled Java code, j=interpreted, Vv=VM code, C=native code)
V  [jvm.dll+0x682a19]
V  [jvm.dll+0x839538]
V  [jvm.dll+0x83afe3]
V  [jvm.dll+0x83b653]
V  [jvm.dll+0x24704f]
V  [jvm.dll+0x67f809]
V  [jvm.dll+0x6746fa]
V  [jvm.dll+0x304a96]
V  [jvm.dll+0x30bf56]
V  [jvm.dll+0x35da5e]
V  [jvm.dll+0x35dc9d]
V  [jvm.dll+0x2dbe5c]
V  [jvm.dll+0x2da1ff]
V  [jvm.dll+0x2d996c]
V  [jvm.dll+0x31d511]
V  [jvm.dll+0x83fe8d]
V  [jvm.dll+0x840bc3]
V  [jvm.dll+0x8410ef]
V  [jvm.dll+0x8414d4]
V  [jvm.dll+0x84159e]
V  [jvm.dll+0x7e8ffc]
V  [jvm.dll+0x6818f7]
C  [ucrtbase.dll+0x21bb2]
C  [KERNEL32.DLL+0x17374]
C  [ntdll.dll+0x4cc91]

VM_Operation (0x000000aab0ef9d80): G1TryInitiateConcMark, mode: safepoint, requested by thread 0x0000024044d799b0


---------------  P R O C E S S  ---------------

Threads class SMR info:
_java_thread_list=0x00000240681e5040, length=19, elements={
0x0000024044d799b0, 0x00000240604de610, 0x00000240605020c0, 0x00000240604c5540,
0x0000024060528030, 0x0000024060529910, 0x000002406052a1e0, 0x000002406052ade0,
0x0000024060596520, 0x00000240605991f0, 0x00000240607d7d80, 0x00000240659e1890,
0x000002406751e3b0, 0x0000024066f1b260, 0x0000024066f1bc80, 0x0000024066f189e0,
0x0000024066f18ef0, 0x0000024066f1ad50, 0x00000240657f4dc0
}

Java Threads: ( => current thread )
  0x0000024044d799b0 JavaThread "Forwarding screenshot on session f8657629-ebdc-4714-9f8d-f3804ef13192 to remote" [_thread_blocked, id=7868, stack(0x000000aab0e00000,0x000000aab0f00000)]
  0x00000240604de610 JavaThread "Reference Handler" daemon [_thread_blocked, id=2304, stack(0x000000aab1500000,0x000000aab1600000)]
  0x00000240605020c0 JavaThread "Finalizer" daemon [_thread_blocked, id=14452, stack(0x000000aab1600000,0x000000aab1700000)]
  0x00000240604c5540 JavaThread "Signal Dispatcher" daemon [_thread_blocked, id=15272, stack(0x000000aab1700000,0x000000aab1800000)]
  0x0000024060528030 JavaThread "Attach Listener" daemon [_thread_blocked, id=17784, stack(0x000000aab1800000,0x000000aab1900000)]
  0x0000024060529910 JavaThread "Service Thread" daemon [_thread_blocked, id=6008, stack(0x000000aab1900000,0x000000aab1a00000)]
  0x000002406052a1e0 JavaThread "Monitor Deflation Thread" daemon [_thread_blocked, id=12564, stack(0x000000aab1a00000,0x000000aab1b00000)]
  0x000002406052ade0 JavaThread "C2 CompilerThread0" daemon [_thread_blocked, id=9764, stack(0x000000aab1b00000,0x000000aab1c00000)]
  0x0000024060596520 JavaThread "C1 CompilerThread0" daemon [_thread_blocked, id=18556, stack(0x000000aab1c00000,0x000000aab1d00000)]
  0x00000240605991f0 JavaThread "Sweeper thread" daemon [_thread_blocked, id=18516, stack(0x000000aab1d00000,0x000000aab1e00000)]
  0x00000240607d7d80 JavaThread "Common-Cleaner" daemon [_thread_blocked, id=15852, stack(0x000000aab1e00000,0x000000aab1f00000)]
  0x00000240659e1890 JavaThread "Notification Thread" daemon [_thread_blocked, id=7828, stack(0x000000aab2200000,0x000000aab2300000)]
  0x000002406751e3b0 JavaThread "Thread-0" [_thread_blocked, id=20356, stack(0x000000aab2100000,0x000000aab2200000)]
  0x0000024066f1b260 JavaThread "ForkJoinPool.commonPool-worker-1" daemon [_thread_blocked, id=12048, stack(0x000000aab2700000,0x000000aab2800000)]
  0x0000024066f1bc80 JavaThread "Thread-1" [_thread_blocked, id=14628, stack(0x000000aab2a00000,0x000000aab2b00000)]
  0x0000024066f189e0 JavaThread "HttpClient-2-SelectorManager" daemon [_thread_in_native, id=19996, stack(0x000000aab2b00000,0x000000aab2c00000)]
  0x0000024066f18ef0 JavaThread "JdkHttpClient-1-0" daemon [_thread_blocked, id=15944, stack(0x000000aab2c00000,0x000000aab2d00000)]
  0x0000024066f1ad50 JavaThread "JdkHttpClient-1-1" daemon [_thread_blocked, id=7132, stack(0x000000aab2d00000,0x000000aab2e00000)]
  0x00000240657f4dc0 JavaThread "JdkHttpClient-1-2" daemon [_thread_blocked, id=18140, stack(0x000000aab2e00000,0x000000aab2f00000)]

Other Threads:
=>0x00000240605007d0 VMThread "VM Thread" [stack: 0x000000aab1400000,0x000000aab1500000] [id=19632]
  0x0000024044d7a880 WatcherThread [stack: 0x000000aab2300000,0x000000aab2400000] [id=12836]
  0x0000024044dd50c0 GCTaskThread "GC Thread#0" [stack: 0x000000aab0f00000,0x000000aab1000000] [id=20316]
  0x0000024065226d30 GCTaskThread "GC Thread#1" [stack: 0x000000aab1f00000,0x000000aab2000000] [id=17580]
  0x0000024065226ff0 GCTaskThread "GC Thread#2" [stack: 0x000000aab2000000,0x000000aab2100000] [id=9152]
  0x0000024066c4daa0 GCTaskThread "GC Thread#3" [stack: 0x000000aab2400000,0x000000aab2500000] [id=20428]
  0x0000024044de5f20 ConcurrentGCThread "G1 Main Marker" [stack: 0x000000aab1000000,0x000000aab1100000] [id=20292]
  0x0000024044de8140 ConcurrentGCThread "G1 Conc#0" [stack: 0x000000aab1100000,0x000000aab1200000] [id=20324]
  0x000002406032c120 ConcurrentGCThread "G1 Refine#0" [stack: 0x000000aab1200000,0x000000aab1300000] [id=19488]
  0x0000024060331120 ConcurrentGCThread "G1 Service" [stack: 0x000000aab1300000,0x000000aab1400000] [id=16264]

Threads with active compile tasks:

VM state: at safepoint (normal execution)

VM Mutex/Monitor currently owned by a thread:  ([mutex/lock_event])
[0x0000024044d74b50] Threads_lock - owner thread: 0x00000240605007d0
[0x0000024044d74490] Heap_lock - owner thread: 0x0000024044d799b0

Heap address: 0x0000000080000000, size: 2048 MB, Compressed Oops mode: 32-bit

CDS archive(s) not mapped
Compressed class space mapped at: 0x0000000100000000-0x0000000140000000, reserved size: 1073741824
Narrow klass base: 0x0000000000000000, Narrow klass shift: 3, Narrow klass range: 0x140000000

GC Precious Log:
 CPUs: 4 total, 4 available
 Memory: 8083M
 Large Page Support: Disabled
 NUMA Support: Disabled
 Compressed Oops: Enabled (32-bit)
 Heap Region Size: 1M
 Heap Min Capacity: 8M
 Heap Initial Capacity: 128M
 Heap Max Capacity: 2G
 Pre-touch: Disabled
 Parallel Workers: 4
 Concurrent Workers: 1
 Concurrent Refinement Workers: 4
 Periodic GC: Disabled

Heap:
 garbage-first heap   total 131072K, used 53312K [0x0000000080000000, 0x0000000100000000)
  region size 1024K, 2 young (2048K), 2 survivors (2048K)
 Metaspace       used 56241K, committed 57088K, reserved 1114112K
  class space    used 6299K, committed 6656K, reserved 1048576K

Heap Regions: E=young(eden), S=young(survivor), O=old, HS=humongous(starts), HC=humongous(continues), CS=collection set, F=free, OA=open archive, CA=closed archive, TAMS=top-at-mark-start (previous, next)
|   0|0x0000000080000000, 0x0000000080100000, 0x0000000080100000|100%|HS|  |TAMS 0x0000000080100000, 0x0000000080100000| Complete 
|   1|0x0000000080100000, 0x0000000080200000, 0x0000000080200000|100%|HS|  |TAMS 0x0000000080200000, 0x0000000080200000| Complete 
|   2|0x0000000080200000, 0x0000000080300000, 0x0000000080300000|100%|HC|  |TAMS 0x0000000080300000, 0x0000000080300000| Complete 
|   3|0x0000000080300000, 0x0000000080400000, 0x0000000080400000|100%|HC|  |TAMS 0x0000000080400000, 0x0000000080400000| Complete 
|   4|0x0000000080400000, 0x0000000080500000, 0x0000000080500000|100%| O|  |TAMS 0x0000000080500000, 0x0000000080500000| Untracked 
|   5|0x0000000080500000, 0x0000000080600000, 0x0000000080600000|100%| O|  |TAMS 0x0000000080600000, 0x0000000080600000| Untracked 
|   6|0x0000000080600000, 0x0000000080700000, 0x0000000080700000|100%| O|  |TAMS 0x0000000080700000, 0x0000000080700000| Untracked 
|   7|0x0000000080700000, 0x0000000080800000, 0x0000000080800000|100%| O|  |TAMS 0x0000000080800000, 0x0000000080800000| Untracked 
|   8|0x0000000080800000, 0x0000000080900000, 0x0000000080900000|100%| O|  |TAMS 0x0000000080900000, 0x0000000080900000| Untracked 
|   9|0x0000000080900000, 0x0000000080a00000, 0x0000000080a00000|100%| O|  |TAMS 0x0000000080a00000, 0x0000000080a00000| Untracked 
|  10|0x0000000080a00000, 0x0000000080b00000, 0x0000000080b00000|100%| O|  |TAMS 0x0000000080b00000, 0x0000000080b00000| Untracked 
|  11|0x0000000080b00000, 0x0000000080c00000, 0x0000000080c00000|100%|HS|  |TAMS 0x0000000080c00000, 0x0000000080c00000| Complete 
|  12|0x0000000080c00000, 0x0000000080d00000, 0x0000000080d00000|100%| O|  |TAMS 0x0000000080d00000, 0x0000000080d00000| Untracked 
|  13|0x0000000080d00000, 0x0000000080e00000, 0x0000000080e00000|100%| O|  |TAMS 0x0000000080e00000, 0x0000000080e00000| Untracked 
|  14|0x0000000080e00000, 0x0000000080f00000, 0x0000000080f00000|100%| O|  |TAMS 0x0000000080f00000, 0x0000000080f00000| Untracked 
|  15|0x0000000080f00000, 0x0000000081000000, 0x0000000081000000|100%| O|  |TAMS 0x0000000081000000, 0x0000000081000000| Untracked 
|  16|0x0000000081000000, 0x0000000081100000, 0x0000000081100000|100%| O|  |TAMS 0x0000000081100000, 0x0000000081100000| Untracked 
|  17|0x0000000081100000, 0x0000000081200000, 0x0000000081200000|100%| O|  |TAMS 0x0000000081200000, 0x0000000081200000| Untracked 
|  18|0x0000000081200000, 0x0000000081300000, 0x0000000081300000|100%| O|  |TAMS 0x0000000081300000, 0x0000000081300000| Untracked 
|  19|0x0000000081300000, 0x0000000081400000, 0x0000000081400000|100%| O|  |TAMS 0x0000000081400000, 0x0000000081400000| Untracked 
|  20|0x0000000081400000, 0x0000000081500000, 0x0000000081500000|100%| O|  |TAMS 0x0000000081500000, 0x0000000081500000| Untracked 
|  21|0x0000000081500000, 0x0000000081600000, 0x0000000081600000|100%| O|  |TAMS 0x0000000081600000, 0x0000000081600000| Untracked 
|  22|0x0000000081600000, 0x00000000816ed000, 0x0000000081700000| 92%| O|  |TAMS 0x00000000816ed000, 0x00000000816ed000| Untracked 
|  23|0x0000000081700000, 0x0000000081800000, 0x0000000081800000|100%| O|  |TAMS 0x0000000081800000, 0x0000000081800000| Untracked 
|  24|0x0000000081800000, 0x0000000081900000, 0x0000000081900000|100%| O|  |TAMS 0x0000000081900000, 0x0000000081900000| Untracked 
|  25|0x0000000081900000, 0x0000000081a00000, 0x0000000081a00000|100%| O|  |TAMS 0x0000000081a00000, 0x0000000081a00000| Untracked 
|  26|0x0000000081a00000, 0x0000000081b00000, 0x0000000081b00000|100%| O|  |TAMS 0x0000000081b00000, 0x0000000081b00000| Untracked 
|  27|0x0000000081b00000, 0x0000000081c00000, 0x0000000081c00000|100%| O|  |TAMS 0x0000000081c00000, 0x0000000081c00000| Untracked 
|  28|0x0000000081c00000, 0x0000000081d00000, 0x0000000081d00000|100%| O|  |TAMS 0x0000000081d00000, 0x0000000081d00000| Untracked 
|  29|0x0000000081d00000, 0x0000000081e00000, 0x0000000081e00000|100%| O|  |TAMS 0x0000000081e00000, 0x0000000081e00000| Untracked 
|  30|0x0000000081e00000, 0x0000000081f00000, 0x0000000081f00000|100%| O|  |TAMS 0x0000000081f00000, 0x0000000081f00000| Untracked 
|  31|0x0000000081f00000, 0x0000000082000000, 0x0000000082000000|100%| O|  |TAMS 0x0000000082000000, 0x0000000082000000| Untracked 
|  32|0x0000000082000000, 0x0000000082100000, 0x0000000082100000|100%| O|  |TAMS 0x0000000082100000, 0x0000000082100000| Untracked 
|  33|0x0000000082100000, 0x0000000082200000, 0x0000000082200000|100%| O|  |TAMS 0x0000000082200000, 0x0000000082200000| Untracked 
|  34|0x0000000082200000, 0x0000000082300000, 0x0000000082300000|100%| O|  |TAMS 0x0000000082300000, 0x0000000082300000| Untracked 
|  35|0x0000000082300000, 0x0000000082400000, 0x0000000082400000|100%| O|  |TAMS 0x0000000082400000, 0x0000000082400000| Untracked 
|  36|0x0000000082400000, 0x0000000082500000, 0x0000000082500000|100%| O|  |TAMS 0x0000000082500000, 0x0000000082500000| Untracked 
|  37|0x0000000082500000, 0x0000000082600000, 0x0000000082600000|100%| O|  |TAMS 0x0000000082600000, 0x0000000082600000| Untracked 
|  38|0x0000000082600000, 0x0000000082700000, 0x0000000082700000|100%| O|  |TAMS 0x0000000082700000, 0x0000000082700000| Untracked 
|  39|0x0000000082700000, 0x0000000082800000, 0x0000000082800000|100%| O|  |TAMS 0x0000000082800000, 0x0000000082800000| Untracked 
|  40|0x0000000082800000, 0x0000000082900000, 0x0000000082900000|100%|HS|  |TAMS 0x0000000082800000, 0x0000000082900000| Complete 
|  41|0x0000000082900000, 0x0000000082a00000, 0x0000000082a00000|100%|HC|  |TAMS 0x0000000082900000, 0x0000000082a00000| Complete 
|  42|0x0000000082a00000, 0x0000000082b00000, 0x0000000082b00000|100%|HS|  |TAMS 0x0000000082a00000, 0x0000000082b00000| Complete 
|  43|0x0000000082b00000, 0x0000000082c00000, 0x0000000082c00000|100%|HC|  |TAMS 0x0000000082b00000, 0x0000000082c00000| Complete 
|  44|0x0000000082c00000, 0x0000000082c00000, 0x0000000082d00000|  0%| F|  |TAMS 0x0000000082c00000, 0x0000000082c00000| Untracked 
|  45|0x0000000082d00000, 0x0000000082d00000, 0x0000000082e00000|  0%| F|  |TAMS 0x0000000082d00000, 0x0000000082d00000| Untracked 
|  46|0x0000000082e00000, 0x0000000082f00000, 0x0000000082f00000|100%| O|  |TAMS 0x0000000082f00000, 0x0000000082f00000| Untracked 
|  47|0x0000000082f00000, 0x0000000083000000, 0x0000000083000000|100%| O|  |TAMS 0x0000000083000000, 0x0000000083000000| Untracked 
|  48|0x0000000083000000, 0x0000000083100000, 0x0000000083100000|100%| O|  |TAMS 0x0000000083100000, 0x0000000083100000| Untracked 
|  49|0x0000000083100000, 0x0000000083200000, 0x0000000083200000|100%| O|  |TAMS 0x0000000083200000, 0x0000000083200000| Untracked 
|  50|0x0000000083200000, 0x0000000083300000, 0x0000000083300000|100%|HS|  |TAMS 0x0000000083200000, 0x0000000083300000| Complete 
|  51|0x0000000083300000, 0x0000000083400000, 0x0000000083400000|100%|HC|  |TAMS 0x0000000083300000, 0x0000000083400000| Complete 
|  52|0x0000000083400000, 0x0000000083459400, 0x0000000083500000| 34%| O|  |TAMS 0x0000000083459400, 0x0000000083459400| Untracked 
|  53|0x0000000083500000, 0x0000000083500000, 0x0000000083600000|  0%| F|  |TAMS 0x0000000083500000, 0x0000000083500000| Untracked 
|  54|0x0000000083600000, 0x0000000083600000, 0x0000000083700000|  0%| F|  |TAMS 0x0000000083600000, 0x0000000083600000| Untracked 
|  55|0x0000000083700000, 0x0000000083700000, 0x0000000083800000|  0%| F|  |TAMS 0x0000000083700000, 0x0000000083700000| Untracked 
|  56|0x0000000083800000, 0x0000000083800000, 0x0000000083900000|  0%| F|  |TAMS 0x0000000083800000, 0x0000000083800000| Untracked 
|  57|0x0000000083900000, 0x0000000083900000, 0x0000000083a00000|  0%| F|  |TAMS 0x0000000083900000, 0x0000000083900000| Untracked 
|  58|0x0000000083a00000, 0x0000000083a00000, 0x0000000083b00000|  0%| F|  |TAMS 0x0000000083a00000, 0x0000000083a00000| Untracked 
|  59|0x0000000083b00000, 0x0000000083b00000, 0x0000000083c00000|  0%| F|  |TAMS 0x0000000083b00000, 0x0000000083b00000| Untracked 
|  60|0x0000000083c00000, 0x0000000083c00000, 0x0000000083d00000|  0%| F|  |TAMS 0x0000000083c00000, 0x0000000083c00000| Untracked 
|  61|0x0000000083d00000, 0x0000000083d00000, 0x0000000083e00000|  0%| F|  |TAMS 0x0000000083d00000, 0x0000000083d00000| Untracked 
|  62|0x0000000083e00000, 0x0000000083e00000, 0x0000000083f00000|  0%| F|  |TAMS 0x0000000083e00000, 0x0000000083e00000| Untracked 
|  63|0x0000000083f00000, 0x0000000083f00000, 0x0000000084000000|  0%| F|  |TAMS 0x0000000083f00000, 0x0000000083f00000| Untracked 
|  64|0x0000000084000000, 0x0000000084000000, 0x0000000084100000|  0%| F|  |TAMS 0x0000000084000000, 0x0000000084000000| Untracked 
|  65|0x0000000084100000, 0x0000000084100000, 0x0000000084200000|  0%| F|  |TAMS 0x0000000084100000, 0x0000000084100000| Untracked 
|  66|0x0000000084200000, 0x0000000084200000, 0x0000000084300000|  0%| F|  |TAMS 0x0000000084200000, 0x0000000084200000| Untracked 
|  67|0x0000000084300000, 0x0000000084300000, 0x0000000084400000|  0%| F|  |TAMS 0x0000000084300000, 0x0000000084300000| Untracked 
|  68|0x0000000084400000, 0x0000000084400000, 0x0000000084500000|  0%| F|  |TAMS 0x0000000084400000, 0x0000000084400000| Untracked 
|  69|0x0000000084500000, 0x0000000084500000, 0x0000000084600000|  0%| F|  |TAMS 0x0000000084500000, 0x0000000084500000| Untracked 
|  70|0x0000000084600000, 0x0000000084600000, 0x0000000084700000|  0%| F|  |TAMS 0x0000000084600000, 0x0000000084600000| Untracked 
|  71|0x0000000084700000, 0x0000000084700000, 0x0000000084800000|  0%| F|  |TAMS 0x0000000084700000, 0x0000000084700000| Untracked 
|  72|0x0000000084800000, 0x0000000084800000, 0x0000000084900000|  0%| F|  |TAMS 0x0000000084800000, 0x0000000084800000| Untracked 
|  73|0x0000000084900000, 0x0000000084900000, 0x0000000084a00000|  0%| F|  |TAMS 0x0000000084900000, 0x0000000084900000| Untracked 
|  74|0x0000000084a00000, 0x0000000084a00000, 0x0000000084b00000|  0%| F|  |TAMS 0x0000000084a00000, 0x0000000084a00000| Untracked 
|  75|0x0000000084b00000, 0x0000000084b00000, 0x0000000084c00000|  0%| F|  |TAMS 0x0000000084b00000, 0x0000000084b00000| Untracked 
|  76|0x0000000084c00000, 0x0000000084c00000, 0x0000000084d00000|  0%| F|  |TAMS 0x0000000084c00000, 0x0000000084c00000| Untracked 
|  77|0x0000000084d00000, 0x0000000084d00000, 0x0000000084e00000|  0%| F|  |TAMS 0x0000000084d00000, 0x0000000084d00000| Untracked 
|  78|0x0000000084e00000, 0x0000000084e00000, 0x0000000084f00000|  0%| F|  |TAMS 0x0000000084e00000, 0x0000000084e00000| Untracked 
|  79|0x0000000084f00000, 0x0000000084f00000, 0x0000000085000000|  0%| F|  |TAMS 0x0000000084f00000, 0x0000000084f00000| Untracked 
|  80|0x0000000085000000, 0x0000000085000000, 0x0000000085100000|  0%| F|  |TAMS 0x0000000085000000, 0x0000000085000000| Untracked 
|  81|0x0000000085100000, 0x0000000085100000, 0x0000000085200000|  0%| F|  |TAMS 0x0000000085100000, 0x0000000085100000| Untracked 
|  82|0x0000000085200000, 0x0000000085200000, 0x0000000085300000|  0%| F|  |TAMS 0x0000000085200000, 0x0000000085200000| Untracked 
|  83|0x0000000085300000, 0x0000000085300000, 0x0000000085400000|  0%| F|  |TAMS 0x0000000085300000, 0x0000000085300000| Untracked 
|  84|0x0000000085400000, 0x0000000085400000, 0x0000000085500000|  0%| F|  |TAMS 0x0000000085400000, 0x0000000085400000| Untracked 
|  85|0x0000000085500000, 0x0000000085500000, 0x0000000085600000|  0%| F|  |TAMS 0x0000000085500000, 0x0000000085500000| Untracked 
|  86|0x0000000085600000, 0x0000000085600000, 0x0000000085700000|  0%| F|  |TAMS 0x0000000085600000, 0x0000000085600000| Untracked 
|  87|0x0000000085700000, 0x0000000085700000, 0x0000000085800000|  0%| F|  |TAMS 0x0000000085700000, 0x0000000085700000| Untracked 
|  88|0x0000000085800000, 0x0000000085800000, 0x0000000085900000|  0%| F|  |TAMS 0x0000000085800000, 0x0000000085800000| Untracked 
|  89|0x0000000085900000, 0x0000000085900000, 0x0000000085a00000|  0%| F|  |TAMS 0x0000000085900000, 0x0000000085900000| Untracked 
|  90|0x0000000085a00000, 0x0000000085a00000, 0x0000000085b00000|  0%| F|  |TAMS 0x0000000085a00000, 0x0000000085a00000| Untracked 
|  91|0x0000000085b00000, 0x0000000085b00000, 0x0000000085c00000|  0%| F|  |TAMS 0x0000000085b00000, 0x0000000085b00000| Untracked 
|  92|0x0000000085c00000, 0x0000000085c00000, 0x0000000085d00000|  0%| F|  |TAMS 0x0000000085c00000, 0x0000000085c00000| Untracked 
|  93|0x0000000085d00000, 0x0000000085d00000, 0x0000000085e00000|  0%| F|  |TAMS 0x0000000085d00000, 0x0000000085d00000| Untracked 
|  94|0x0000000085e00000, 0x0000000085e00000, 0x0000000085f00000|  0%| F|  |TAMS 0x0000000085e00000, 0x0000000085e00000| Untracked 
|  95|0x0000000085f00000, 0x0000000085f00000, 0x0000000086000000|  0%| F|  |TAMS 0x0000000085f00000, 0x0000000085f00000| Untracked 
|  96|0x0000000086000000, 0x0000000086000000, 0x0000000086100000|  0%| F|  |TAMS 0x0000000086000000, 0x0000000086000000| Untracked 
|  97|0x0000000086100000, 0x0000000086100000, 0x0000000086200000|  0%| F|  |TAMS 0x0000000086100000, 0x0000000086100000| Untracked 
|  98|0x0000000086200000, 0x0000000086200000, 0x0000000086300000|  0%| F|  |TAMS 0x0000000086200000, 0x0000000086200000| Untracked 
|  99|0x0000000086300000, 0x0000000086300000, 0x0000000086400000|  0%| F|  |TAMS 0x0000000086300000, 0x0000000086300000| Untracked 
| 100|0x0000000086400000, 0x0000000086400000, 0x0000000086500000|  0%| F|  |TAMS 0x0000000086400000, 0x0000000086400000| Untracked 
| 101|0x0000000086500000, 0x0000000086500000, 0x0000000086600000|  0%| F|  |TAMS 0x0000000086500000, 0x0000000086500000| Untracked 
| 102|0x0000000086600000, 0x0000000086600000, 0x0000000086700000|  0%| F|  |TAMS 0x0000000086600000, 0x0000000086600000| Untracked 
| 103|0x0000000086700000, 0x0000000086700000, 0x0000000086800000|  0%| F|  |TAMS 0x0000000086700000, 0x0000000086700000| Untracked 
| 104|0x0000000086800000, 0x0000000086800000, 0x0000000086900000|  0%| F|  |TAMS 0x0000000086800000, 0x0000000086800000| Untracked 
| 105|0x0000000086900000, 0x0000000086900000, 0x0000000086a00000|  0%| F|  |TAMS 0x0000000086900000, 0x0000000086900000| Untracked 
| 106|0x0000000086a00000, 0x0000000086a00000, 0x0000000086b00000|  0%| F|  |TAMS 0x0000000086a00000, 0x0000000086a00000| Untracked 
| 107|0x0000000086b00000, 0x0000000086b00000, 0x0000000086c00000|  0%| F|  |TAMS 0x0000000086b00000, 0x0000000086b00000| Untracked 
| 108|0x0000000086c00000, 0x0000000086c00000, 0x0000000086d00000|  0%| F|  |TAMS 0x0000000086c00000, 0x0000000086c00000| Untracked 
| 109|0x0000000086d00000, 0x0000000086d00000, 0x0000000086e00000|  0%| F|  |TAMS 0x0000000086d00000, 0x0000000086d00000| Untracked 
| 110|0x0000000086e00000, 0x0000000086e00000, 0x0000000086f00000|  0%| F|  |TAMS 0x0000000086e00000, 0x0000000086e00000| Untracked 
| 111|0x0000000086f00000, 0x0000000086f00000, 0x0000000087000000|  0%| F|  |TAMS 0x0000000086f00000, 0x0000000086f00000| Untracked 
| 112|0x0000000087000000, 0x0000000087000000, 0x0000000087100000|  0%| F|  |TAMS 0x0000000087000000, 0x0000000087000000| Untracked 
| 113|0x0000000087100000, 0x0000000087100000, 0x0000000087200000|  0%| F|  |TAMS 0x0000000087100000, 0x0000000087100000| Untracked 
| 114|0x0000000087200000, 0x0000000087200000, 0x0000000087300000|  0%| F|  |TAMS 0x0000000087200000, 0x0000000087200000| Untracked 
| 115|0x0000000087300000, 0x0000000087300000, 0x0000000087400000|  0%| F|  |TAMS 0x0000000087300000, 0x0000000087300000| Untracked 
| 116|0x0000000087400000, 0x0000000087400000, 0x0000000087500000|  0%| F|  |TAMS 0x0000000087400000, 0x0000000087400000| Untracked 
| 117|0x0000000087500000, 0x0000000087500000, 0x0000000087600000|  0%| F|  |TAMS 0x0000000087500000, 0x0000000087500000| Untracked 
| 118|0x0000000087600000, 0x0000000087600000, 0x0000000087700000|  0%| F|  |TAMS 0x0000000087600000, 0x0000000087600000| Untracked 
| 119|0x0000000087700000, 0x0000000087700000, 0x0000000087800000|  0%| F|  |TAMS 0x0000000087700000, 0x0000000087700000| Untracked 
| 120|0x0000000087800000, 0x0000000087800000, 0x0000000087900000|  0%| F|  |TAMS 0x0000000087800000, 0x0000000087800000| Untracked 
| 121|0x0000000087900000, 0x0000000087900000, 0x0000000087a00000|  0%| F|  |TAMS 0x0000000087900000, 0x0000000087900000| Untracked 
| 122|0x0000000087a00000, 0x0000000087a00000, 0x0000000087b00000|  0%| F|  |TAMS 0x0000000087a00000, 0x0000000087a00000| Untracked 
| 123|0x0000000087b00000, 0x0000000087b00000, 0x0000000087c00000|  0%| F|  |TAMS 0x0000000087b00000, 0x0000000087b00000| Untracked 
| 124|0x0000000087c00000, 0x0000000087cc9d60, 0x0000000087d00000| 78%| S|CS|TAMS 0x0000000087c00000, 0x0000000087c00000| Complete 
| 125|0x0000000087d00000, 0x0000000087d00000, 0x0000000087e00000|  0%| F|  |TAMS 0x0000000087d00000, 0x0000000087d00000| Untracked 
| 126|0x0000000087e00000, 0x0000000087e00000, 0x0000000087f00000|  0%| F|  |TAMS 0x0000000087e00000, 0x0000000087e00000| Untracked 
| 127|0x0000000087f00000, 0x0000000088000000, 0x0000000088000000|100%| S|CS|TAMS 0x0000000087f00000, 0x0000000087f00000| Complete 

Card table byte_map: [0x0000024059650000,0x0000024059a50000] _byte_map_base: 0x0000024059250000

Marking Bits (Prev, Next): (CMBitMap*) 0x0000024044dd5630, (CMBitMap*) 0x0000024044dd55f0
 Prev Bits: [0x000002405be50000, 0x000002405de50000)
 Next Bits: [0x0000024059e50000, 0x000002405be50000)

Polling page: 0x0000024044e10000

Metaspace:

Usage:
  Non-class:     48.77 MB used.
      Class:      6.15 MB used.
       Both:     54.92 MB used.

Virtual space:
  Non-class space:       64.00 MB reserved,      49.25 MB ( 77%) committed,  1 nodes.
      Class space:        1.00 GB reserved,       6.50 MB ( <1%) committed,  1 nodes.
             Both:        1.06 GB reserved,      55.75 MB (  5%) committed. 

Chunk freelists:
   Non-Class:  14.14 MB
       Class:  9.52 MB
        Both:  23.66 MB

MaxMetaspaceSize: unlimited
CompressedClassSpaceSize: 1.00 GB
Initial GC threshold: 21.00 MB
Current GC threshold: 92.75 MB
CDS: off
MetaspaceReclaimPolicy: balanced
 - commit_granule_bytes: 65536.
 - commit_granule_words: 8192.
 - virtual_space_node_default_size: 8388608.
 - enlarge_chunks_in_place: 1.
 - new_chunks_are_fully_committed: 0.
 - uncommit_free_chunks: 1.
 - use_allocation_guard: 0.
 - handle_deallocations: 1.


Internal statistics:

num_allocs_failed_limit: 6.
num_arena_births: 1224.
num_arena_deaths: 0.
num_vsnodes_births: 2.
num_vsnodes_deaths: 0.
num_space_committed: 892.
num_space_uncommitted: 0.
num_chunks_returned_to_freelist: 6.
num_chunks_taken_from_freelist: 2843.
num_chunk_merges: 6.
num_chunk_splits: 1847.
num_chunks_enlarged: 1138.
num_inconsistent_stats: 0.

CodeHeap 'non-profiled nmethods': size=120000Kb used=4344Kb max_used=4344Kb free=115655Kb
 bounds [0x0000024051700000, 0x0000024051b40000, 0x0000024058c30000]
CodeHeap 'profiled nmethods': size=120000Kb used=13959Kb max_used=13959Kb free=106040Kb
 bounds [0x0000024049c30000, 0x000002404a9e0000, 0x0000024051160000]
CodeHeap 'non-nmethods': size=5760Kb used=2366Kb max_used=2447Kb free=3393Kb
 bounds [0x0000024051160000, 0x00000240513e0000, 0x0000024051700000]
 total_blobs=7994 nmethods=7101 adapters=805
 compilation: enabled
              stopped_count=0, restarted_count=0
 full_count=0

Compilation events (20 events):
Event: 139.354 Thread 0x000002406052ade0 7966       4       java.lang.Math::floorDiv (31 bytes)
Event: 139.355 Thread 0x0000024060596520 7967       3       java.util.concurrent.ConcurrentLinkedDeque::updateTail (71 bytes)
Event: 139.355 Thread 0x000002406052ade0 nmethod 7966 0x0000024051b3d910 code [0x0000024051b3da80, 0x0000024051b3db58]
Event: 139.356 Thread 0x0000024060596520 nmethod 7967 0x000002404a9c9e90 code [0x000002404a9ca160, 0x000002404a9cb038]
Event: 139.358 Thread 0x0000024060596520 7968   !   3       jdk.internal.net.http.Http1Response$BodyReader::handle (141 bytes)
Event: 139.359 Thread 0x0000024060596520 nmethod 7968 0x000002404a9cb590 code [0x000002404a9cb800, 0x000002404a9cc438]
Event: 139.359 Thread 0x000002406052ade0 7971       4       java.nio.ByteBuffer::<init> (47 bytes)
Event: 139.359 Thread 0x0000024060596520 7969   !   3       jdk.internal.net.http.ResponseContent$FixedLengthBodyParser::accept (410 bytes)
Event: 139.369 Thread 0x0000024060596520 nmethod 7969 0x000002404a9cc990 code [0x000002404a9ccde0, 0x000002404a9cf678]
Event: 139.369 Thread 0x0000024060596520 7970       3       java.nio.HeapByteBufferR::duplicate (36 bytes)
Event: 139.369 Thread 0x0000024060596520 nmethod 7970 0x000002404a9d0690 code [0x000002404a9d0840, 0x000002404a9d0a88]
Event: 139.369 Thread 0x0000024060596520 7972       3       sun.nio.ch.SocketChannelImpl::translateAndSetReadyOps (8 bytes)
Event: 139.369 Thread 0x0000024060596520 nmethod 7972 0x000002404a9d0b90 code [0x000002404a9d0d40, 0x000002404a9d0e88]
Event: 139.369 Thread 0x0000024060596520 7973       3       sun.nio.ch.Util$2::iterator (10 bytes)
Event: 139.369 Thread 0x0000024060596520 nmethod 7973 0x000002404a9d0f10 code [0x000002404a9d10c0, 0x000002404a9d1288]
Event: 139.369 Thread 0x0000024060596520 7974       3       sun.nio.ch.SelectionKeyImpl::readyOps (9 bytes)
Event: 139.369 Thread 0x000002406052ade0 nmethod 7971 0x0000024051b3dc10 code [0x0000024051b3dda0, 0x0000024051b3e098]
Event: 139.369 Thread 0x0000024060596520 nmethod 7974 0x000002404a9d1390 code [0x000002404a9d1540, 0x000002404a9d1848]
Event: 139.369 Thread 0x0000024060596520 7975       3       jdk.internal.net.http.HttpClientImpl$SelectorAttachment::events (21 bytes)
Event: 139.370 Thread 0x0000024060596520 nmethod 7975 0x000002404a9d1990 code [0x000002404a9d1ba0, 0x000002404a9d2268]

GC Heap History (20 events):
Event: 51.927 GC heap after
{Heap after GC invocations=20 (full 0):
 garbage-first heap   total 103424K, used 49986K [0x0000000080000000, 0x0000000100000000)
  region size 1024K, 2 young (2048K), 2 survivors (2048K)
 Metaspace       used 54881K, committed 55552K, reserved 1114112K
  class space    used 6157K, committed 6464K, reserved 1048576K
}
Event: 111.089 GC heap before
{Heap before GC invocations=21 (full 0):
 garbage-first heap   total 103424K, used 88898K [0x0000000080000000, 0x0000000100000000)
  region size 1024K, 29 young (29696K), 2 survivors (2048K)
 Metaspace       used 55946K, committed 56832K, reserved 1114112K
  class space    used 6286K, committed 6656K, reserved 1048576K
}
Event: 111.096 GC heap after
{Heap after GC invocations=22 (full 0):
 garbage-first heap   total 103424K, used 46785K [0x0000000080000000, 0x0000000100000000)
  region size 1024K, 3 young (3072K), 3 survivors (3072K)
 Metaspace       used 55946K, committed 56832K, reserved 1114112K
  class space    used 6286K, committed 6656K, reserved 1048576K
}
Event: 126.446 GC heap before
{Heap before GC invocations=22 (full 0):
 garbage-first heap   total 103424K, used 59073K [0x0000000080000000, 0x0000000100000000)
  region size 1024K, 15 young (15360K), 3 survivors (3072K)
 Metaspace       used 56083K, committed 56896K, reserved 1114112K
  class space    used 6292K, committed 6656K, reserved 1048576K
}
Event: 126.450 GC heap after
{Heap after GC invocations=23 (full 0):
 garbage-first heap   total 103424K, used 49086K [0x0000000080000000, 0x0000000100000000)
  region size 1024K, 3 young (3072K), 3 survivors (3072K)
 Metaspace       used 56083K, committed 56896K, reserved 1114112K
  class space    used 6292K, committed 6656K, reserved 1048576K
}
Event: 129.429 GC heap before
{Heap before GC invocations=24 (full 0):
 garbage-first heap   total 116736K, used 69566K [0x0000000080000000, 0x0000000100000000)
  region size 1024K, 8 young (8192K), 3 survivors (3072K)
 Metaspace       used 56127K, committed 56960K, reserved 1114112K
  class space    used 6292K, committed 6656K, reserved 1048576K
}
Event: 129.434 GC heap after
{Heap after GC invocations=25 (full 0):
 garbage-first heap   total 116736K, used 48108K [0x0000000080000000, 0x0000000100000000)
  region size 1024K, 4 young (4096K), 4 survivors (4096K)
 Metaspace       used 56127K, committed 56960K, reserved 1114112K
  class space    used 6292K, committed 6656K, reserved 1048576K
}
Event: 129.439 GC heap before
{Heap before GC invocations=25 (full 0):
 garbage-first heap   total 116736K, used 56300K [0x0000000080000000, 0x0000000100000000)
  region size 1024K, 5 young (5120K), 4 survivors (4096K)
 Metaspace       used 56135K, committed 56960K, reserved 1114112K
  class space    used 6292K, committed 6656K, reserved 1048576K
}
Event: 129.443 GC heap after
{Heap after GC invocations=26 (full 0):
 garbage-first heap   total 116736K, used 51481K [0x0000000080000000, 0x0000000100000000)
  region size 1024K, 2 young (2048K), 2 survivors (2048K)
 Metaspace       used 56135K, committed 56960K, reserved 1114112K
  class space    used 6292K, committed 6656K, reserved 1048576K
}
Event: 129.451 GC heap before
{Heap before GC invocations=26 (full 0):
 garbage-first heap   total 116736K, used 54553K [0x0000000080000000, 0x0000000100000000)
  region size 1024K, 2 young (2048K), 2 survivors (2048K)
 Metaspace       used 56135K, committed 56960K, reserved 1114112K
  class space    used 6292K, committed 6656K, reserved 1048576K
}
Event: 129.454 GC heap after
{Heap after GC invocations=27 (full 0):
 garbage-first heap   total 116736K, used 53097K [0x0000000080000000, 0x0000000100000000)
  region size 1024K, 2 young (2048K), 2 survivors (2048K)
 Metaspace       used 56135K, committed 56960K, reserved 1114112K
  class space    used 6292K, committed 6656K, reserved 1048576K
}
Event: 129.456 GC heap before
{Heap before GC invocations=27 (full 0):
 garbage-first heap   total 116736K, used 56169K [0x0000000080000000, 0x0000000100000000)
  region size 1024K, 3 young (3072K), 2 survivors (2048K)
 Metaspace       used 56135K, committed 56960K, reserved 1114112K
  class space    used 6292K, committed 6656K, reserved 1048576K
}
Event: 129.459 GC heap after
{Heap after GC invocations=28 (full 0):
 garbage-first heap   total 116736K, used 54081K [0x0000000080000000, 0x0000000100000000)
  region size 1024K, 2 young (2048K), 2 survivors (2048K)
 Metaspace       used 56135K, committed 56960K, reserved 1114112K
  class space    used 6292K, committed 6656K, reserved 1048576K
}
Event: 139.360 GC heap before
{Heap before GC invocations=29 (full 0):
 garbage-first heap   total 116736K, used 64321K [0x0000000080000000, 0x0000000100000000)
  region size 1024K, 9 young (9216K), 2 survivors (2048K)
 Metaspace       used 56239K, committed 57024K, reserved 1114112K
  class space    used 6299K, committed 6656K, reserved 1048576K
}
Event: 139.364 GC heap after
{Heap after GC invocations=30 (full 0):
 garbage-first heap   total 116736K, used 48291K [0x0000000080000000, 0x0000000100000000)
  region size 1024K, 3 young (3072K), 3 survivors (3072K)
 Metaspace       used 56239K, committed 57024K, reserved 1114112K
  class space    used 6299K, committed 6656K, reserved 1048576K
}
Event: 139.365 GC heap before
{Heap before GC invocations=30 (full 0):
 garbage-first heap   total 116736K, used 54435K [0x0000000080000000, 0x0000000100000000)
  region size 1024K, 4 young (4096K), 3 survivors (3072K)
 Metaspace       used 56239K, committed 57024K, reserved 1114112K
  class space    used 6299K, committed 6656K, reserved 1048576K
}
Event: 139.368 GC heap after
{Heap after GC invocations=31 (full 0):
 garbage-first heap   total 116736K, used 51204K [0x0000000080000000, 0x0000000100000000)
  region size 1024K, 2 young (2048K), 2 survivors (2048K)
 Metaspace       used 56239K, committed 57024K, reserved 1114112K
  class space    used 6299K, committed 6656K, reserved 1048576K
}
Event: 139.372 GC heap before
{Heap before GC invocations=31 (full 0):
 garbage-first heap   total 116736K, used 53252K [0x0000000080000000, 0x0000000100000000)
  region size 1024K, 3 young (3072K), 2 survivors (2048K)
 Metaspace       used 56241K, committed 57088K, reserved 1114112K
  class space    used 6299K, committed 6656K, reserved 1048576K
}
Event: 139.375 GC heap after
{Heap after GC invocations=32 (full 0):
 garbage-first heap   total 116736K, used 51481K [0x0000000080000000, 0x0000000100000000)
  region size 1024K, 2 young (2048K), 2 survivors (2048K)
 Metaspace       used 56241K, committed 57088K, reserved 1114112K
  class space    used 6299K, committed 6656K, reserved 1048576K
}
Event: 139.383 GC heap before
{Heap before GC invocations=32 (full 0):
 garbage-first heap   total 116736K, used 54553K [0x0000000080000000, 0x0000000100000000)
  region size 1024K, 2 young (2048K), 2 survivors (2048K)
 Metaspace       used 56241K, committed 57088K, reserved 1114112K
  class space    used 6299K, committed 6656K, reserved 1048576K
}

Dll operation events (11 events):
Event: 0.050 Loaded shared library C:\Users\USER\.katalon\packages\KS-10.1.0\jre\bin\java.dll
Event: 0.479 Loaded shared library C:\Users\USER\.katalon\packages\KS-10.1.0\jre\bin\net.dll
Event: 0.481 Loaded shared library C:\Users\USER\.katalon\packages\KS-10.1.0\jre\bin\nio.dll
Event: 0.491 Loaded shared library C:\Users\USER\.katalon\packages\KS-10.1.0\jre\bin\zip.dll
Event: 0.952 Loaded shared library C:\Users\USER\.katalon\packages\KS-10.1.0\jre\bin\verify.dll
Event: 1.222 Loaded shared library C:\Users\USER\.katalon\packages\KS-10.1.0\jre\bin\jimage.dll
Event: 4.852 Loaded shared library C:\Users\USER\.katalon\packages\KS-10.1.0\jre\bin\extnet.dll
Event: 15.070 Loaded shared library C:\Users\USER\.katalon\packages\KS-10.1.0\jre\bin\sunmscapi.dll
Event: 24.289 Loaded shared library C:\Users\USER\.katalon\packages\KS-10.1.0\jre\bin\management.dll
Event: 24.292 Loaded shared library C:\Users\USER\.katalon\packages\KS-10.1.0\jre\bin\management_ext.dll
Event: 50.766 Loaded shared library C:\Users\USER\.katalon\packages\KS-10.1.0\jre\bin\awt.dll

Deoptimization events (20 events):
Event: 113.465 Thread 0x0000024044d799b0 DEOPT PACKING pc=0x0000024051b089bc sp=0x000000aab0efc6e0
Event: 113.465 Thread 0x0000024044d799b0 DEOPT UNPACKING pc=0x00000240511b69a3 sp=0x000000aab0efc688 mode 2
Event: 113.465 Thread 0x0000024044d799b0 Uncommon trap: trap_request=0xffffffbe fr.pc=0x0000024051b089bc relative=0x00000000000002fc
Event: 113.465 Thread 0x0000024044d799b0 Uncommon trap: reason=profile_predicate action=maybe_recompile pc=0x0000024051b089bc method=java.util.regex.Pattern$BnM.optimize(Ljava/util/regex/Pattern$Node;)Ljava/util/regex/Pattern$Node; @ 67 c2
Event: 113.466 Thread 0x0000024044d799b0 DEOPT PACKING pc=0x0000024051b089bc sp=0x000000aab0efc6a0
Event: 113.466 Thread 0x0000024044d799b0 DEOPT UNPACKING pc=0x00000240511b69a3 sp=0x000000aab0efc648 mode 2
Event: 113.466 Thread 0x0000024044d799b0 Uncommon trap: trap_request=0xffffffbe fr.pc=0x0000024051b089bc relative=0x00000000000002fc
Event: 113.466 Thread 0x0000024044d799b0 Uncommon trap: reason=profile_predicate action=maybe_recompile pc=0x0000024051b089bc method=java.util.regex.Pattern$BnM.optimize(Ljava/util/regex/Pattern$Node;)Ljava/util/regex/Pattern$Node; @ 67 c2
Event: 113.466 Thread 0x0000024044d799b0 DEOPT PACKING pc=0x0000024051b089bc sp=0x000000aab0efc6a0
Event: 113.466 Thread 0x0000024044d799b0 DEOPT UNPACKING pc=0x00000240511b69a3 sp=0x000000aab0efc648 mode 2
Event: 113.466 Thread 0x0000024044d799b0 Uncommon trap: trap_request=0xffffffbe fr.pc=0x0000024051b089bc relative=0x00000000000002fc
Event: 113.466 Thread 0x0000024044d799b0 Uncommon trap: reason=profile_predicate action=maybe_recompile pc=0x0000024051b089bc method=java.util.regex.Pattern$BnM.optimize(Ljava/util/regex/Pattern$Node;)Ljava/util/regex/Pattern$Node; @ 67 c2
Event: 113.466 Thread 0x0000024044d799b0 DEOPT PACKING pc=0x0000024051b089bc sp=0x000000aab0efc6a0
Event: 113.466 Thread 0x0000024044d799b0 DEOPT UNPACKING pc=0x00000240511b69a3 sp=0x000000aab0efc648 mode 2
Event: 126.502 Thread 0x0000024044d799b0 Uncommon trap: trap_request=0xffffff45 fr.pc=0x0000024051a81988 relative=0x0000000000000268
Event: 126.502 Thread 0x0000024044d799b0 Uncommon trap: reason=unstable_if action=reinterpret pc=0x0000024051a81988 method=java.util.Base64$Decoder.decodeBlock([BII[BIZZ)I @ 33 c2
Event: 126.502 Thread 0x0000024044d799b0 DEOPT PACKING pc=0x0000024051a81988 sp=0x000000aab0efc090
Event: 126.502 Thread 0x0000024044d799b0 DEOPT UNPACKING pc=0x00000240511b69a3 sp=0x000000aab0efbff8 mode 2
Event: 129.489 Thread 0x0000024044d799b0 DEOPT PACKING pc=0x000002404a987bbf sp=0x000000aab0efc080
Event: 129.489 Thread 0x0000024044d799b0 DEOPT UNPACKING pc=0x00000240511b7143 sp=0x000000aab0efb4f8 mode 0

Classes loaded (20 events):
Event: 74.725 Loading class java/text/DateFormatCustomizer
Event: 74.725 Loading class java/text/DateFormatCustomizer done
Event: 74.728 Loading class java/text/DateFormatCustomizer
Event: 74.728 Loading class java/text/DateFormatCustomizer done
Event: 74.729 Loading class java/text/SimpleDateFormatCustomizer
Event: 74.729 Loading class java/text/SimpleDateFormatCustomizer done
Event: 74.732 Loading class java/text/SimpleDateFormatCustomizer
Event: 74.732 Loading class java/text/SimpleDateFormatCustomizer done
Event: 74.733 Loading class java/text/NumberFormat$Style
Event: 74.733 Loading class java/text/NumberFormat$Style done
Event: 74.735 Loading class java/text/DontCareFieldPosition
Event: 74.735 Loading class java/text/DontCareFieldPosition done
Event: 74.735 Loading class java/text/DontCareFieldPosition$1
Event: 74.735 Loading class java/text/DontCareFieldPosition$1 done
Event: 87.275 Loading class java/lang/StringUTF16$CodePointsSpliterator
Event: 87.275 Loading class java/lang/StringUTF16$CodePointsSpliterator done
Event: 112.639 Loading class java/awt/image/RenderedImage
Event: 112.639 Loading class java/awt/image/RenderedImage done
Event: 128.404 Loading class jdk/internal/access/foreign/MemorySegmentProxy
Event: 128.404 Loading class jdk/internal/access/foreign/MemorySegmentProxy done

Classes unloaded (0 events):
No events

Classes redefined (0 events):
No events

Internal exceptions (20 events):
Event: 74.869 Thread 0x0000024044d799b0 Exception <a 'java/lang/ClassNotFoundException'{0x0000000085072990}: com/kms/katalon/core/mobile/keyword/builtin/SetTextKeywordBeanInfo> (0x0000000085072990) 
thrown [s\src\hotspot\share\classfile\systemDictionary.cpp, line 256]
Event: 74.875 Thread 0x0000024044d799b0 Exception <a 'java/lang/ClassNotFoundException'{0x00000000850cb030}: com/kms/katalon/core/mobile/keyword/builtin/SetTextKeywordCustomizer> (0x00000000850cb030) 
thrown [s\src\hotspot\share\classfile\systemDictionary.cpp, line 256]
Event: 87.291 Thread 0x0000024044d799b0 Exception <a 'java/lang/ClassNotFoundException'{0x0000000084ed8248}: com/kms/katalon/core/mobile/keyword/builtin/GetAttributeKeywordBeanInfo> (0x0000000084ed8248) 
thrown [s\src\hotspot\share\classfile\systemDictionary.cpp, line 256]
Event: 87.295 Thread 0x0000024044d799b0 Exception <a 'java/lang/ClassNotFoundException'{0x0000000084d04c18}: com/kms/katalon/core/mobile/keyword/builtin/GetAttributeKeywordCustomizer> (0x0000000084d04c18) 
thrown [s\src\hotspot\share\classfile\systemDictionary.cpp, line 256]
Event: 99.793 Thread 0x0000024044d799b0 Exception <a 'java/lang/NoSuchMethodError'{0x0000000084bb1870}: 'void java.lang.invoke.DirectMethodHandle$Holder.invokeSpecial(java.lang.Object, java.lang.Object, java.lang.Object, int)'> (0x0000000084bb1870) 
thrown [s\src\hotspot\share\interpreter\linkResolver.cpp, line 759]
Event: 99.794 Thread 0x0000024044d799b0 Exception <a 'java/lang/NoSuchMethodError'{0x0000000084bb4ef8}: 'void java.lang.invoke.DelegatingMethodHandle$Holder.reinvoke_L(java.lang.Object, java.lang.Object, int)'> (0x0000000084bb4ef8) 
thrown [s\src\hotspot\share\interpreter\linkResolver.cpp, line 759]
Event: 112.632 Thread 0x0000024044d799b0 Exception <a 'java/lang/ClassNotFoundException'{0x0000000086076b28}: com/kms/katalon/core/mobile/keyword/builtin/TakeScreenshotKeywordBeanInfo> (0x0000000086076b28) 
thrown [s\src\hotspot\share\classfile\systemDictionary.cpp, line 256]
Event: 112.637 Thread 0x0000024044d799b0 Exception <a 'java/lang/ClassNotFoundException'{0x00000000860a3730}: com/kms/katalon/core/mobile/keyword/builtin/TakeScreenshotKeywordCustomizer> (0x00000000860a3730) 
thrown [s\src\hotspot\share\classfile\systemDictionary.cpp, line 256]
Event: 112.638 Thread 0x0000024044d799b0 Exception <a 'java/lang/ClassNotFoundException'{0x00000000860adf78}: groovy/runtime/metaclass/[Ljava/lang/Object;MetaClass> (0x00000000860adf78) 
thrown [s\src\hotspot\share\prims\jni.cpp, line 535]
Event: 112.638 Thread 0x0000024044d799b0 Exception <a 'java/lang/ClassNotFoundException'{0x00000000860b3a18}: [Ljava/lang/Object;BeanInfo> (0x00000000860b3a18) 
thrown [s\src\hotspot\share\prims\jni.cpp, line 535]
Event: 112.638 Thread 0x0000024044d799b0 Exception <a 'java/lang/ClassNotFoundException'{0x00000000860b3fd8}: [Ljava/lang/Object;BeanInfo> (0x00000000860b3fd8) 
thrown [s\src\hotspot\share\prims\jni.cpp, line 535]
Event: 112.638 Thread 0x0000024044d799b0 Exception <a 'java/lang/ClassNotFoundException'{0x00000000860b4658}: [Ljava/lang/Object;Customizer> (0x00000000860b4658) 
thrown [s\src\hotspot\share\prims\jni.cpp, line 535]
Event: 112.638 Thread 0x0000024044d799b0 Exception <a 'java/lang/ClassNotFoundException'{0x00000000860b4c18}: [Ljava/lang/Object;Customizer> (0x00000000860b4c18) 
thrown [s\src\hotspot\share\prims\jni.cpp, line 535]
Event: 113.445 Thread 0x0000024044d799b0 Exception <a 'sun/nio/fs/WindowsException'{0x00000000860fa738}> (0x00000000860fa738) 
thrown [s\src\hotspot\share\prims\jni.cpp, line 516]
Event: 126.507 Thread 0x0000024044d799b0 Exception <a 'sun/nio/fs/WindowsException'{0x0000000087f4bb40}> (0x0000000087f4bb40) 
thrown [s\src\hotspot\share\prims\jni.cpp, line 516]
Event: 129.495 Thread 0x0000024044d799b0 Exception <a 'sun/nio/fs/WindowsException'{0x0000000087f01408}> (0x0000000087f01408) 
thrown [s\src\hotspot\share\prims\jni.cpp, line 516]
Event: 129.524 Thread 0x0000024044d799b0 Exception <a 'java/lang/ClassNotFoundException'{0x0000000087c52738}: com/kms/katalon/core/keyword/builtin/DelayKeywordBeanInfo> (0x0000000087c52738) 
thrown [s\src\hotspot\share\classfile\systemDictionary.cpp, line 256]
Event: 129.529 Thread 0x0000024044d799b0 Exception <a 'java/lang/ClassNotFoundException'{0x0000000087c7cb70}: com/kms/katalon/core/keyword/builtin/DelayKeywordCustomizer> (0x0000000087c7cb70) 
thrown [s\src\hotspot\share\classfile\systemDictionary.cpp, line 256]
Event: 132.540 Thread 0x0000024044d799b0 Exception <a 'java/lang/IncompatibleClassChangeError'{0x0000000087cc6090}: Found class java.lang.Object, but interface was expected> (0x0000000087cc6090) 
thrown [s\src\hotspot\share\interpreter\linkResolver.cpp, line 826]
Event: 132.540 Thread 0x0000024044d799b0 Exception <a 'java/lang/IncompatibleClassChangeError'{0x0000000087cc6738}: Found class java.lang.Object, but interface was expected> (0x0000000087cc6738) 
thrown [s\src\hotspot\share\interpreter\linkResolver.cpp, line 826]

VM Operations (20 events):
Event: 129.454 Executing VM operation: G1TryInitiateConcMark done
Event: 129.456 Executing VM operation: G1TryInitiateConcMark
Event: 129.459 Executing VM operation: G1TryInitiateConcMark done
Event: 129.539 Executing VM operation: G1PauseRemark
Event: 129.547 Executing VM operation: G1PauseRemark done
Event: 129.575 Executing VM operation: G1PauseCleanup
Event: 129.575 Executing VM operation: G1PauseCleanup done
Event: 132.611 Executing VM operation: Cleanup
Event: 132.611 Executing VM operation: Cleanup done
Event: 133.619 Executing VM operation: Cleanup
Event: 133.619 Executing VM operation: Cleanup done
Event: 138.670 Executing VM operation: Cleanup
Event: 138.670 Executing VM operation: Cleanup done
Event: 139.360 Executing VM operation: G1TryInitiateConcMark
Event: 139.364 Executing VM operation: G1TryInitiateConcMark done
Event: 139.365 Executing VM operation: G1TryInitiateConcMark
Event: 139.368 Executing VM operation: G1TryInitiateConcMark done
Event: 139.372 Executing VM operation: G1TryInitiateConcMark
Event: 139.375 Executing VM operation: G1TryInitiateConcMark done
Event: 139.383 Executing VM operation: G1TryInitiateConcMark

Memory protections (0 events):
No events

Nmethod flushes (20 events):
Event: 7.167 Thread 0x00000240605991f0 flushing  nmethod 0x000002404a49bd90
Event: 7.167 Thread 0x00000240605991f0 flushing  nmethod 0x000002404a49c510
Event: 7.167 Thread 0x00000240605991f0 flushing  nmethod 0x000002404a49fa90
Event: 7.167 Thread 0x00000240605991f0 flushing  nmethod 0x000002404a4a2290
Event: 7.167 Thread 0x00000240605991f0 flushing  nmethod 0x000002404a4a2610
Event: 7.167 Thread 0x00000240605991f0 flushing  nmethod 0x000002404a4a4d10
Event: 7.167 Thread 0x00000240605991f0 flushing  nmethod 0x000002404a4a6a90
Event: 7.167 Thread 0x00000240605991f0 flushing  nmethod 0x000002404a4a7210
Event: 7.167 Thread 0x00000240605991f0 flushing  nmethod 0x000002404a4a7a90
Event: 7.167 Thread 0x00000240605991f0 flushing  nmethod 0x000002404a4aa590
Event: 7.167 Thread 0x00000240605991f0 flushing  nmethod 0x000002404a4aad90
Event: 7.167 Thread 0x00000240605991f0 flushing  nmethod 0x000002404a4ab390
Event: 7.167 Thread 0x00000240605991f0 flushing  nmethod 0x000002404a4ab810
Event: 7.167 Thread 0x00000240605991f0 flushing  nmethod 0x000002404a4ac690
Event: 7.167 Thread 0x00000240605991f0 flushing  nmethod 0x000002404a4ae210
Event: 7.167 Thread 0x00000240605991f0 flushing  nmethod 0x000002404a4e2810
Event: 7.167 Thread 0x00000240605991f0 flushing  nmethod 0x000002404a4e4690
Event: 7.167 Thread 0x00000240605991f0 flushing  nmethod 0x000002404a4e5610
Event: 7.167 Thread 0x00000240605991f0 flushing  nmethod 0x000002404a4f4c10
Event: 40.395 Thread 0x00000240605991f0 flushing  nmethod 0x000002404a058d10

Events (20 events):
Event: 30.124 Thread 0x0000024044d799b0 Thread added: 0x0000024066f18ef0
Event: 30.128 Thread 0x0000024066f189e0 Thread added: 0x0000024066f1ad50
Event: 30.131 Thread 0x0000024066f189e0 Thread added: 0x00000240657f4dc0
Event: 35.115 Thread 0x0000024066f184d0 Thread exited: 0x0000024066f184d0
Event: 37.133 Thread 0x0000024060596520 Thread added: 0x00000240663bc6a0
Event: 38.417 Thread 0x00000240663bc6a0 Thread exited: 0x00000240663bc6a0
Event: 51.983 Thread 0x000002406052ade0 Thread added: 0x0000024065957770
Event: 52.418 Thread 0x0000024065957770 Thread exited: 0x0000024065957770
Event: 53.974 Thread 0x0000024066f1a840 Thread exited: 0x0000024066f1a840
Event: 74.742 Thread 0x0000024060596520 Thread added: 0x00000240667620d0
Event: 76.994 Thread 0x00000240667620d0 Thread exited: 0x00000240667620d0
Event: 90.120 Thread 0x0000024065cd9de0 Thread exited: 0x0000024065cd9de0
Event: 112.640 Thread 0x0000024060596520 Thread added: 0x000002406855df80
Event: 112.970 Thread 0x000002406855df80 Thread exited: 0x000002406855df80
Event: 113.468 Thread 0x0000024060596520 Thread added: 0x000002406855df80
Event: 118.670 Thread 0x000002406855df80 Thread exited: 0x000002406855df80
Event: 124.213 Thread 0x000002406052ade0 Thread added: 0x000002406601b8d0
Event: 124.471 Thread 0x000002406601b8d0 Thread exited: 0x000002406601b8d0
Event: 132.627 Thread 0x0000024060596520 Thread added: 0x0000024068263440
Event: 132.868 Thread 0x0000024068263440 Thread exited: 0x0000024068263440


Dynamic libraries:
0x00007ff620970000 - 0x00007ff62097e000 	C:\Users\USER\.katalon\packages\KS-10.1.0\jre\bin\javaw.exe
0x00007ffa91db0000 - 0x00007ffa91fa8000 	C:\Windows\SYSTEM32\ntdll.dll
0x00007ffa91af0000 - 0x00007ffa91bb2000 	C:\Windows\System32\KERNEL32.DLL
0x00007ffa8f4e0000 - 0x00007ffa8f7df000 	C:\Windows\System32\KERNELBASE.dll
0x00007ffa8fad0000 - 0x00007ffa8fbd0000 	C:\Windows\System32\ucrtbase.dll
0x00007ffa8a900000 - 0x00007ffa8a91e000 	C:\Users\USER\.katalon\packages\KS-10.1.0\jre\bin\VCRUNTIME140.dll
0x00007ffa89fa0000 - 0x00007ffa89fb7000 	C:\Users\USER\.katalon\packages\KS-10.1.0\jre\bin\jli.dll
0x00007ffa91bd0000 - 0x00007ffa91d6d000 	C:\Windows\System32\USER32.dll
0x00007ffa71580000 - 0x00007ffa7181a000 	C:\Windows\WinSxS\amd64_microsoft.windows.common-controls_6595b64144ccf1df_6.0.19041.4355_none_60b8b9eb71f62e16\COMCTL32.dll
0x00007ffa8f880000 - 0x00007ffa8f8a2000 	C:\Windows\System32\win32u.dll
0x00007ffa906f0000 - 0x00007ffa9078e000 	C:\Windows\System32\msvcrt.dll
0x00007ffa90790000 - 0x00007ffa907bb000 	C:\Windows\System32\GDI32.dll
0x00007ffa8fbd0000 - 0x00007ffa8fcea000 	C:\Windows\System32\gdi32full.dll
0x00007ffa8f7e0000 - 0x00007ffa8f87d000 	C:\Windows\System32\msvcp_win.dll
0x00007ffa91a60000 - 0x00007ffa91a8f000 	C:\Windows\System32\IMM32.DLL
0x00007ffa8b100000 - 0x00007ffa8b10c000 	C:\Users\USER\.katalon\packages\KS-10.1.0\jre\bin\vcruntime140_1.dll
0x00007ffa89e60000 - 0x00007ffa89eed000 	C:\Users\USER\.katalon\packages\KS-10.1.0\jre\bin\msvcp140.dll
0x00007ff9f6de0000 - 0x00007ff9f7a4b000 	C:\Users\USER\.katalon\packages\KS-10.1.0\jre\bin\server\jvm.dll
0x00007ffa901b0000 - 0x00007ffa9025f000 	C:\Windows\System32\ADVAPI32.dll
0x00007ffa8fe80000 - 0x00007ffa8ff1f000 	C:\Windows\System32\sechost.dll
0x00007ffa91930000 - 0x00007ffa91a53000 	C:\Windows\System32\RPCRT4.dll
0x00007ffa8fda0000 - 0x00007ffa8fdc7000 	C:\Windows\System32\bcrypt.dll
0x00007ffa90a30000 - 0x00007ffa90a9b000 	C:\Windows\System32\WS2_32.dll
0x00007ffa8f2b0000 - 0x00007ffa8f2fb000 	C:\Windows\SYSTEM32\POWRPROF.dll
0x00007ffa762b0000 - 0x00007ffa762d7000 	C:\Windows\SYSTEM32\WINMM.dll
0x00007ffa87ad0000 - 0x00007ffa87ada000 	C:\Windows\SYSTEM32\VERSION.dll
0x00007ffa8f290000 - 0x00007ffa8f2a2000 	C:\Windows\SYSTEM32\UMPDC.dll
0x00007ffa8dcc0000 - 0x00007ffa8dcd2000 	C:\Windows\SYSTEM32\kernel.appcore.dll
0x00007ffa86eb0000 - 0x00007ffa86eba000 	C:\Users\USER\.katalon\packages\KS-10.1.0\jre\bin\jimage.dll
0x00007ffa8d980000 - 0x00007ffa8db64000 	C:\Windows\SYSTEM32\DBGHELP.DLL
0x00007ffa66360000 - 0x00007ffa66394000 	C:\Windows\SYSTEM32\dbgcore.DLL
0x00007ffa8f450000 - 0x00007ffa8f4d2000 	C:\Windows\System32\bcryptPrimitives.dll
0x00007ffa637c0000 - 0x00007ffa637e5000 	C:\Users\USER\.katalon\packages\KS-10.1.0\jre\bin\java.dll
0x00007ffa86b70000 - 0x00007ffa86b88000 	C:\Users\USER\.katalon\packages\KS-10.1.0\jre\bin\zip.dll
0x00007ffa90aa0000 - 0x00007ffa9120d000 	C:\Windows\System32\SHELL32.dll
0x00007ffa8d100000 - 0x00007ffa8d8a4000 	C:\Windows\SYSTEM32\windows.storage.dll
0x00007ffa914a0000 - 0x00007ffa917f5000 	C:\Windows\System32\combase.dll
0x00007ffa8edb0000 - 0x00007ffa8eddf000 	C:\Windows\SYSTEM32\Wldp.dll
0x00007ffa91290000 - 0x00007ffa9135d000 	C:\Windows\System32\OLEAUT32.dll
0x00007ffa8fdd0000 - 0x00007ffa8fe7d000 	C:\Windows\System32\SHCORE.dll
0x00007ffa91a90000 - 0x00007ffa91ae5000 	C:\Windows\System32\shlwapi.dll
0x00007ffa8f380000 - 0x00007ffa8f3a4000 	C:\Windows\SYSTEM32\profapi.dll
0x00007ffa7bc00000 - 0x00007ffa7bc19000 	C:\Users\USER\.katalon\packages\KS-10.1.0\jre\bin\net.dll
0x00007ffa86070000 - 0x00007ffa8617a000 	C:\Windows\SYSTEM32\WINHTTP.dll
0x00007ffa8eb10000 - 0x00007ffa8eb7c000 	C:\Windows\system32\mswsock.dll
0x00007ffa7a250000 - 0x00007ffa7a266000 	C:\Users\USER\.katalon\packages\KS-10.1.0\jre\bin\nio.dll
0x00007ffa85330000 - 0x00007ffa85340000 	C:\Users\USER\.katalon\packages\KS-10.1.0\jre\bin\verify.dll
0x00007ffa8b1b0000 - 0x00007ffa8b1b9000 	C:\Users\USER\.katalon\packages\KS-10.1.0\jre\bin\extnet.dll
0x00007ffa8e7f0000 - 0x00007ffa8e82b000 	C:\Windows\SYSTEM32\IPHLPAPI.DLL
0x00007ffa91bc0000 - 0x00007ffa91bc8000 	C:\Windows\System32\NSI.dll
0x00007ffa866f0000 - 0x00007ffa86707000 	C:\Windows\SYSTEM32\dhcpcsvc6.DLL
0x00007ffa87fd0000 - 0x00007ffa87fed000 	C:\Windows\SYSTEM32\dhcpcsvc.DLL
0x00007ffa8e830000 - 0x00007ffa8e8fa000 	C:\Windows\SYSTEM32\DNSAPI.dll
0x00007ffa84ac0000 - 0x00007ffa84ace000 	C:\Users\USER\.katalon\packages\KS-10.1.0\jre\bin\sunmscapi.dll
0x00007ffa8f8b0000 - 0x00007ffa8fa0c000 	C:\Windows\System32\CRYPT32.dll
0x00007ffa8ee20000 - 0x00007ffa8ee47000 	C:\Windows\SYSTEM32\ncrypt.dll
0x00007ffa8ede0000 - 0x00007ffa8ee1b000 	C:\Windows\SYSTEM32\NTASN1.dll
0x00007ffa8ed10000 - 0x00007ffa8ed28000 	C:\Windows\SYSTEM32\CRYPTSP.dll
0x00007ffa8e430000 - 0x00007ffa8e464000 	C:\Windows\system32\rsaenh.dll
0x00007ffa8f340000 - 0x00007ffa8f36e000 	C:\Windows\SYSTEM32\USERENV.dll
0x00007ffa8ed00000 - 0x00007ffa8ed0c000 	C:\Windows\SYSTEM32\CRYPTBASE.dll
0x00007ffa835b0000 - 0x00007ffa835b7000 	C:\Windows\system32\wshunix.dll
0x00007ffa835a0000 - 0x00007ffa835aa000 	C:\Users\USER\.katalon\packages\KS-10.1.0\jre\bin\management.dll
0x00007ffa833e0000 - 0x00007ffa833eb000 	C:\Users\USER\.katalon\packages\KS-10.1.0\jre\bin\management_ext.dll
0x00007ffa90260000 - 0x00007ffa90268000 	C:\Windows\System32\PSAPI.DLL
0x00007ffa29420000 - 0x00007ffa29437000 	C:\Windows\system32\napinsp.dll
0x00007ffa20970000 - 0x00007ffa2098b000 	C:\Windows\system32\pnrpnsp.dll
0x00007ffa8b270000 - 0x00007ffa8b285000 	C:\Windows\system32\wshbth.dll
0x00007ffa8b130000 - 0x00007ffa8b14d000 	C:\Windows\system32\NLAapi.dll
0x00007ffa20950000 - 0x00007ffa20962000 	C:\Windows\System32\winrnr.dll
0x00007ffa7bbc0000 - 0x00007ffa7bbca000 	C:\Windows\System32\rasadhlp.dll
0x00007ffa7c200000 - 0x00007ffa7c280000 	C:\Windows\System32\fwpuclnt.dll
0x00007ffa2f8d0000 - 0x00007ffa2fa60000 	C:\Users\USER\.katalon\packages\KS-10.1.0\jre\bin\awt.dll
0x00007ffa8b420000 - 0x00007ffa8b4b4000 	C:\Windows\SYSTEM32\apphelp.dll
0x00007ffa8e680000 - 0x00007ffa8e6b3000 	C:\Windows\SYSTEM32\ntmarta.dll

dbghelp: loaded successfully - version: 4.0.5 - missing functions: none
symbol engine: initialized successfully - sym options: 0x614 - pdb path: .;C:\Users\USER\.katalon\packages\KS-10.1.0\jre\bin;C:\Windows\SYSTEM32;C:\Windows\WinSxS\amd64_microsoft.windows.common-controls_6595b64144ccf1df_6.0.19041.4355_none_60b8b9eb71f62e16;C:\Users\USER\.katalon\packages\KS-10.1.0\jre\bin\server

VM Arguments:
jvm_args: -Dgroovy.home=C:\Users\USER/.groovy -Djava.system.class.loader=groovy.lang.GroovyClassLoader -Xmx2048m -Dfile.encoding=UTF-8 -XX:+ShowCodeDetailsInExceptionMessages 
java_command: org.codehaus.groovy.tools.GroovyStarter --classpath C:\Users\USER\Katalon Studio\SoalNomor3Mobile\bin\keyword;C:\Users\USER\Katalon Studio\SoalNomor3Mobile\Keywords;C:\Users\USER\Katalon Studio\SoalNomor3Mobile\bin\listener;C:\Users\USER\Katalon Studio\SoalNomor3Mobile\Test Listeners;C:\Users\USER\Katalon Studio\SoalNomor3Mobile\bin\lib;C:\Users\USER\Katalon Studio\SoalNomor3Mobile\Libs;C:\Users\USER\Katalon Studio\SoalNomor3Mobile\bin\groovy;C:\Users\USER\Katalon Studio\SoalNomor3Mobile\Include\scripts\groovy;C:\Users\USER\.katalon\packages\KS-10.1.0\plugins\com.kms.katalon.core_1.0.0.202501201829.jar;C:\Users\USER\.katalon\packages\KS-10.1.0\configuration\resources\lib\aalto-xml-1.0.0.jar;C:\Users\USER\.katalon\packages\KS-10.1.0\configuration\resources\lib\aspectjweaver-1.9.1.jar;C:\Users\USER\.katalon\packages\KS-10.1.0\configuration\resources\lib\aws-2.20.3-fat.jar;C:\Users\USER\.katalon\packages\KS-10.1.0\configuration\resources\lib\bcpkix-jdk15on-1.64.jar;C:\Users\USER\.katalon\packages\KS-10.1.0\configuration\resources\lib\bcprov-jdk15on-1.64.jar;C:\Users\USER\.katalon\packages\KS-10.1.0\configuration\resources\lib\browsermob-core-2.1.5.jar;C:\Users\USER\.katalon\packages\KS-10.1.0\configuration\resources\lib\byte-buddy-1.14.3.jar;C:\Users\USER\.katalon\packages\KS-10.1.0\configuration\resources\lib\byte-buddy-agent-1.14.3.jar;C:\Users\USER\.katalon\packages\KS-10.1.0\configuration\resources\lib\cglib-3.2.10.jar;C:\Users\USER\.katalon\packages\KS-10.1.0\configuration\resources\lib\commons-codec-1.10.jar;C:\Users\USER\.katalon\packages\KS-10.1.0\configuration\resources\lib\commons-collections4-4.1.jar;C:\Users\USER\.katalon\packages\KS-10.1.0\configuration\resources\lib\commons-validator-1.6.jar;C:\Users\USER\.katalon\packages\KS-10.1.0\configuration\resources\lib\curvesapi-1.04.jar;C:\Users\USER\.katalon\packages\KS-10.1.0\configuration\resources\lib\dnsjava-3.6.2.jar;C:\Users\USER\.katalon\packages\KS-10.1.0\configuration\resources\lib\groov
java_class_path (initial): C:\Users\USER\Katalon Studio\SoalNomor3Mobile\bin\keyword;C:\Users\USER\Katalon Studio\SoalNomor3Mobile\bin\listener;C:\Users\USER\Katalon Studio\SoalNomor3Mobile\bin\lib;C:\Users\USER\Katalon Studio\SoalNomor3Mobile\bin\groovy;C:\Users\USER\Katalon Studio\SoalNomor3Mobile\bin;C:\Users\USER\.katalon\packages\KS-10.1.0\plugins\com.kms.katalon.core_1.0.0.202501201829.jar;C:\Users\USER\.katalon\packages\KS-10.1.0\configuration\resources\lib\aalto-xml-1.0.0.jar;C:\Users\USER\.katalon\packages\KS-10.1.0\configuration\resources\lib\aspectjweaver-1.9.1.jar;C:\Users\USER\.katalon\packages\KS-10.1.0\configuration\resources\lib\aws-2.20.3-fat.jar;C:\Users\USER\.katalon\packages\KS-10.1.0\configuration\resources\lib\bcpkix-jdk15on-1.64.jar;C:\Users\USER\.katalon\packages\KS-10.1.0\configuration\resources\lib\bcprov-jdk15on-1.64.jar;C:\Users\USER\.katalon\packages\KS-10.1.0\configuration\resources\lib\browsermob-core-2.1.5.jar;C:\Users\USER\.katalon\packages\KS-10.1.0\configuration\resources\lib\byte-buddy-1.14.3.jar;C:\Users\USER\.katalon\packages\KS-10.1.0\configuration\resources\lib\byte-buddy-agent-1.14.3.jar;C:\Users\USER\.katalon\packages\KS-10.1.0\configuration\resources\lib\cglib-3.2.10.jar;C:\Users\USER\.katalon\packages\KS-10.1.0\configuration\resources\lib\commons-codec-1.10.jar;C:\Users\USER\.katalon\packages\KS-10.1.0\configuration\resources\lib\commons-collections4-4.1.jar;C:\Users\USER\.katalon\packages\KS-10.1.0\configuration\resources\lib\commons-validator-1.6.jar;C:\Users\USER\.katalon\packages\KS-10.1.0\configuration\resources\lib\curvesapi-1.04.jar;C:\Users\USER\.katalon\packages\KS-10.1.0\configuration\resources\lib\dnsjava-3.6.2.jar;C:\Users\USER\.katalon\packages\KS-10.1.0\configuration\resources\lib\groovy-3.0.17.jar;C:\Users\USER\.katalon\packages\KS-10.1.0\configuration\resources\lib\jackson-coreutils-2.0.jar;C:\Users\USER\.katalon\packages\KS-10.1.0\configuration\resources\lib\jackson-coreutils-equivalence-1.0.jar;C:\Users
Launcher Type: SUN_STANDARD

[Global flags]
     intx CICompilerCount                          = 3                                         {product} {ergonomic}
     uint ConcGCThreads                            = 1                                         {product} {ergonomic}
     uint G1ConcRefinementThreads                  = 4                                         {product} {ergonomic}
   size_t G1HeapRegionSize                         = 1048576                                   {product} {ergonomic}
    uintx GCDrainStackTargetSize                   = 64                                        {product} {ergonomic}
   size_t InitialHeapSize                          = 134217728                                 {product} {ergonomic}
   size_t MarkStackSize                            = 4194304                                   {product} {ergonomic}
   size_t MaxHeapSize                              = 2147483648                                {product} {command line}
   size_t MaxNewSize                               = 1287651328                                {product} {ergonomic}
   size_t MinHeapDeltaBytes                        = 1048576                                   {product} {ergonomic}
   size_t MinHeapSize                              = 8388608                                   {product} {ergonomic}
    uintx NonNMethodCodeHeapSize                   = 5832780                                {pd product} {ergonomic}
    uintx NonProfiledCodeHeapSize                  = 122912730                              {pd product} {ergonomic}
    uintx ProfiledCodeHeapSize                     = 122912730                              {pd product} {ergonomic}
    uintx ReservedCodeCacheSize                    = 251658240                              {pd product} {ergonomic}
     bool SegmentedCodeCache                       = true                                      {product} {ergonomic}
     bool ShowCodeDetailsInExceptionMessages       = true                                   {manageable} {command line}
   size_t SoftMaxHeapSize                          = 2147483648                             {manageable} {ergonomic}
     bool UseCompressedClassPointers               = true                           {product lp64_product} {ergonomic}
     bool UseCompressedOops                        = true                           {product lp64_product} {ergonomic}
     bool UseG1GC                                  = true                                      {product} {ergonomic}
     bool UseLargePagesIndividualAllocation        = false                                  {pd product} {ergonomic}

Logging:
Log output configuration:
 #0: stdout all=warning uptime,level,tags
 #1: stderr all=off uptime,level,tags

Environment Variables:
JAVA_HOME=C:\Users\USER\.katalon\packages\KS-10.1.0\jre
PATH=C:/Users/USER/.katalon/packages/KS-10.1.0/jre/bin/server;C:/Users/USER/.katalon/packages/KS-10.1.0/jre/bin;C:\Program Files (x86)\Common Files\Oracle\Java\java8path;C:\Program Files (x86)\Common Files\Oracle\Java\javapath;C:\Program Files\Eclipse Adoptium\jdk-21.0.5.11-hotspot\bin;C:\Windows\system32;C:\Windows;C:\Windows\System32\Wbem;C:\Windows\System32\WindowsPowerShell\v1.0\;C:\Windows\System32\OpenSSH\;C:\Users\USER\AppData\Local\Microsoft\WindowsApps;C:\adb;C:\Program Files\Git\cmd;C:\Program Files\nodejs\;C:\Users\USER\AppData\Local\Programs\Python\Python313\Scripts\;C:\Users\USER\AppData\Local\Programs\Python\Python313\;C:\Users\USER\AppData\Local\Programs\Python\Launcher\;C:\Users\USER\AppData\Local\Microsoft\WindowsApps;C:\Users\USER\AppData\Local\Programs\Microsoft VS Code\bin;C:\Users\USER\AppData\Roaming\npm;C:\Users\USER\.katalon\packages\KS-10.1.0;:C:\Users\USER\.katalon\packages\KS-10.1.0\jre\bin
USERNAME=USER
OS=Windows_NT
PROCESSOR_IDENTIFIER=Intel64 Family 6 Model 78 Stepping 3, GenuineIntel
TMP=C:\Users\USER\AppData\Local\Temp
TEMP=C:\Users\USER\AppData\Local\Temp



Periodic native trim disabled


---------------  S Y S T E M  ---------------

OS:
 Windows 10 , 64 bit Build 19041 (10.0.19041.5438)
OS uptime: 0 days 15:57 hours

CPU: total 4 (initial active 4) (2 cores per cpu, 2 threads per core) family 6 model 78 stepping 3 microcode 0xf0, cx8, cmov, fxsr, ht, mmx, 3dnowpref, sse, sse2, sse3, ssse3, sse4.1, sse4.2, popcnt, lzcnt, tsc, tscinvbit, avx, avx2, aes, erms, clmul, bmi1, bmi2, rtm, adx, fma, vzeroupper, clflush, clflushopt
Processor Information for all 4 processors :
  Max Mhz: 2801, Current Mhz: 2200, Mhz Limit: 2184

Memory: 4k page, system-wide physical 8083M (1030M free)
TotalPageFile size 20496M (AvailPageFile size 183M)
current process WorkingSet (physical memory assigned to process): 260M, peak: 278M
current process commit charge ("private bytes"): 300M, peak: 514M

vm_info: OpenJDK 64-Bit Server VM (17.0.13+11) for windows-amd64 JRE (17.0.13+11), built on Oct 16 2024 00:10:08 by "admin" with MS VC++ 17.7 (VS2022)

END.
